Cleaning file: VII.001.mkd
Cleaning file: VII.002.mkd
Cleaning file: VII.003.mkd
Cleaning file: VII.004.mkd
Cleaning file: VII.005.mkd
Cleaning file: VII.006.mkd
Paragraph has no closing italics: ['**Obryzum** obrude (?) aurum dicitur V 228, 9 (obrisum *codd.*; *Isid.*', 'XVI 18, 2). **abrizum** splendor auri V 259, 8. **abrizum** (*uel*', 'abritium) splendor V 339, 46. **abrizeum** splendor auri IV 478, 27.', '**abrigeum** splendor auri V 590, 21. **obridium** *gloss. Lat.-Arab.', "*ed. Seyb.* 344. *Cf. Loewe Prodr. p.* 60, *Willers 'Wiener Numism. Z'*", 'XXX (1890) *p.* 15.']
Cleaning file: VII.007.mkd
Paragraph has no closing italics: ['**Obsequor** πειθαρχῶ II 400, 30. ὑπηρετῶ II 465, 19. **obsequitur**', 'συμπείθεται II 442, 39. obsecundat, seruit IV 370, 46. prosperatur (!) V', '573, 37. **obsequare** obsequaris, consentias V 537, 68 (*Ter. Ad.*', '224). **obsequatur** prosit V 537, 52 (*Ter. *Andr.* 163). **obsequi**', 'consentire, satisfacere V 537, 64 (*Ter. Andr.* 822).']
Cleaning file: VII.008.mkd
Cleaning file: VII.009.mkd
Cleaning file: VII.010.mkd
Cleaning file: VII.011.mkd
Cleaning file: VII.012.mkd
Paragraph has no closing italics: ['**Obuenisse nisum** (nisum *R*) **canimago** prouerbium est in eos', 'quibus praeter spem contigit (*uel* contingit) aliquid uel successit', '*Plac.* V 36, 18 = V 89, 2 = V 124, 58 (*ubi* nisum cani macrae', "*Studemund Arch.* 1115. 'Callimacho \\<*ex* praefat.* Αἰτίων\\>'", '*Buech.*).']
Cleaning file: VII.013.mkd
Cleaning file: VII.014.mkd
Cleaning file: VII.015.mkd
Cleaning file: VII.016.mkd
Cleaning file: VII.017.mkd
Cleaning file: VII.018.mkd
Cleaning file: VII.019.mkd
Cleaning file: VII.020.mkd
Cleaning file: VII.021.mkd
Paragraph has no closing italics: ['neque pluuia uadit V 126, 5 (*cf. Varro *l. l.* VII 20, *Serv. in Aen.*', 'IV 268). caelum uel mare (mane?) IV 132, 18 (humanae); 545, 51; V 316,', '7.']
Cleaning file: VII.022.mkd
Cleaning file: VII.023.mkd
Cleaning file: VII.024.mkd
Cleaning file: VII.025.mkd
Cleaning file: VII.026.mkd
Cleaning file: VII.027.mkd
Cleaning file: VII.028.mkd
Cleaning file: VII.029.mkd
Cleaning file: VII.030.mkd
Cleaning file: VII.031.mkd
Cleaning file: VII.032.mkd
Cleaning file: VII.033.mkd
Cleaning file: VII.034.mkd
Cleaning file: VII.035.mkd
Cleaning file: VII.036a.mkd
Cleaning file: VII.036b.mkd
Cleaning file: VII.037.mkd
Cleaning file: VII.038.mkd
Cleaning file: VII.039.mkd
Cleaning file: VII.040.mkd
Cleaning file: VII.041.mkd
Cleaning file: VII.042.mkd
Cleaning file: VII.043.mkd
Cleaning file: VII.044.mkd
Cleaning file: VII.045.mkd
Cleaning file: VII.046.mkd
Cleaning file: VII.047.mkd
Cleaning file: VII.048.mkd
Paragraph has no closing italics: ['**Pareo** πειθαρχῶ II 400, 30. πείθομαι II 400, 33. φαίνομαι III 162,', '56. **paret** πείθεται, πειθαρχεῖ, φαίνεται II 142, 13. φαίνει III 459,', '12. φαίνεται III 162, 57. apparet, obtemperat IV 418, 46 (*cf. Serv. in*', '*Aen.* X 176). obsequitur, obtemperat IV 457, 6 (*Verg. Aen.* I 689).', 'obsequitur IV 135, 33; 137, 18; 548, 51; V 129, 12. constat uel constet', 'IV 373, 51. **parret** constitutum \\<est\\> uel constat seu conplacit V', '472, 23. consecrat (constat *de*), manifestum est IV 418, 22. **par**', "**est** constat IV 137, 15 (*ubi* parret *Nettleship 'Journ. of Phil.'*", 'XIX 291); 548, 42; V 317, 67. *Cf. Festus p.* 233, 25; *Loewe *Prodr.*', '45. **parere** obedire V 129, 14 (*cf. Serv. in Aen.* I 118). est', 'constare V 659, 25 (*schol. Gronov. in Div. in Caec.* 56). **paruit**', "ἐπείσθη II 142, 8. *V.* si paret. *Cf. W. Heraeus 'Spr. des Petr.'* 47."]
Cleaning file: VII.049.mkd
Cleaning file: VII.050.mkd
Cleaning file: VII.051.mkd
Cleaning file: VII.052.mkd
Cleaning file: VII.053.mkd
Cleaning file: VII.054.mkd
Cleaning file: VII.055.mkd
Cleaning file: VII.056.mkd
Paragraph has no closing italics: ['**Patronus** προστάτης, πάτρων τουτέστιν ὁ ἐλευθερώσας II 143, 27.', 'προστάτης II 423, 8; III 459, 35; 487, 6. πάτρων II 399, 57; III 304,', '55/56; 374, 70. προστάτης, πάτρων III 276, 65. δικολόγος II 277, 37.', 'βοηθός II 258, 23. δικαιολόγος III 276, 61 (*unde*?). qui clientem', 'habet, id est qui alicui externo patris affectum impendit II *p.* XII', '(*cf. Isid.* X 205). defensor V 538, 39 (*Ter. Ad.* 456: *cf. Don.*). Cf.*', 'πρὸς τὸν πάτρωνα **ad patronum** III 50, 63. *V.* fisci patronus.']
Cleaning file: VII.057.mkd
Cleaning file: VII.058.mkd
Cleaning file: VII.059.mkd
Cleaning file: VII.060.mkd
Cleaning file: VII.061.mkd
Cleaning file: VII.062.mkd
Cleaning file: VII.063.mkd
Paragraph has no closing italics: ['**Pellax** δόλιος II 280, 7. ἀπατεών II 233, 39. fallax IV 376, 9', '(perlax). fallax, dolosus, peruersa loquens IV 375, 10. dolosus, fallax', 'IV 549, 35; V 128, 21 (pallax); 319, 32; 608, 9. *Cf. Isid.* X 224.', 'fraudulentus, fallax, dolosus V 473, 17 (perlax). peruersa loquens IV', '270, 11. **pellacis** per blanditias decipientis *Plac.* V 38, 15', '(pellacias) = V 91, 18. *Cf. Serv. in Aen.* II 90. persuasor\\<is\\>,', 'fallacis IV 457, 49 (*Verg. Aen.* II 90). callidi, astuti V 130, 37.', '**pellaci\\<s\\>** astuti uel persuasores (!), a pellicendo IV 139, 25', '(hoc est ab inducendo *add. a*). **pellacem** dolosum uel fallacem IV', '139, 16; 549, 34; V 130, 40 (*cf.* **pellati** dolosum fallace V 320,', '9). dolosum, mendacem IV 270, 21. dolosum, expulsorem (exposs. *codd.', '*praeter b.* inp.?) IV 549, 36. **pellaces** persuasores V 509, 47.']
Cleaning file: VII.064.mkd
Cleaning file: VII.065.mkd
Cleaning file: VII.066.mkd
Cleaning file: VII.067.mkd
Cleaning file: VII.068.mkd
Cleaning file: VII.069.mkd
Cleaning file: VII.070.mkd
Cleaning file: VII.071.mkd
Cleaning file: VII.072.mkd
Cleaning file: VII.073.mkd
Cleaning file: VII.074.mkd
Cleaning file: VII.075.mkd
Cleaning file: VII.076.mkd
Cleaning file: VII.077.mkd
Cleaning file: VII.078.mkd
Cleaning file: VII.079.mkd
Cleaning file: VII.080.mkd
Cleaning file: VII.081.mkd
Cleaning file: VII.082.mkd
Paragraph has no closing italics: ['**Petulus** eques qui habet albos pedes *Scal.* V 608, 61 (*Osb.* 483:', '*cf. Loewe Prodr.* 48). *Cf. Festus p.* 205, 23, *ubi* petilus *uult O.*', 'Mueller.*']
Cleaning file: VII.083.mkd
Cleaning file: VII.084.mkd
Cleaning file: VII.085.mkd
Cleaning file: VII.086.mkd
Cleaning file: VII.087.mkd
Cleaning file: VII.088.mkd
Paragraph has no closing italics: ['**Pilentum** τυλοπροσκεφάλαιον II 460, 64 (*sic*: τυλ. capitale', 'pilentum). genus uehiculi V 473, 50. **pilentis** (*uel* pilentus) uectis', '(uehiclis?) ubi uirgines portantur V 233, 22 (*cf. Serv. in Aen.* VIII', '666). *V.é pelenum. *Cf. Festus Pauli p.* 204, 10.']
Cleaning file: VII.089.mkd
Cleaning file: VII.090.mkd
Cleaning file: VII.091.mkd
Cleaning file: VII.092.mkd
Cleaning file: VII.093.mkd
Cleaning file: VII.094.mkd
Paragraph has no closing italics: ['**Placo** ἐξιλεοῦμαι II 303, 35. ἐξευμενίζομαι II 303, 13. ἱλάσκω III', '75, 52; 146, 28. **placat** ἱλάσκεται, καταστέλλει ΙΙ 151, 28. mollit IV', '419, 37. sedat, mitigat uel componit IV 458, 31 (*Verg. *Aen.* I 142).', 'sedat, quiescere facit IV 377, 28. mitigat, sedat IV 268, 18. leniter', 'mitigat V 134, 6. **placare** ἐξιλεώσασθαι II 151, 54. **placaui**', 'ἐπράϋνα ΙΙ 151, 27. **placasti** ἐπράϋνας II 151, 29. **placauit**', 'ἐπράϋνεν II 151, 26. **placor** ἱλάσκομαι II 332, 3. *V.* aequora placat,', 'lucat.']
Cleaning file: VII.095.mkd
Cleaning file: VII.096.mkd
Cleaning file: VII.097.mkd
Cleaning file: VII.098.mkd
Cleaning file: VII.099.mkd
Cleaning file: VII.100.mkd
Cleaning file: VII.101.mkd
Cleaning file: VII.102.mkd
Cleaning file: VII.103.mkd
Cleaning file: VII.104.mkd
Cleaning file: VII.105.mkd
Cleaning file: VII.106.mkd
Cleaning file: VII.107.mkd
Cleaning file: VII.108.mkd
Cleaning file: VII.109.mkd
Cleaning file: VII.110.mkd
Cleaning file: VII.111.mkd
Cleaning file: VII.112.mkd
Cleaning file: VII.113.mkd
Cleaning file: VII.114.mkd
Cleaning file: VII.115.mkd
Cleaning file: VII.116.mkd
Paragraph has no closing italics: ['**Praedignus** aeternus IV 154, 7. ante natus (ualde dignus uel aeternus', '*a *b*) IV 268, 43 (ante natus *ad* pri(ae)uignus *spectare uidetur*).']
Cleaning file: VII.117.mkd
Cleaning file: VII.118.mkd
Cleaning file: VII.119.mkd
Paragraph has no closing italics: ['**Praelumbare** lumbos frangere V 645, 66 *(*Non.* 156, 9).']
Cleaning file: VII.120.mkd
Cleaning file: VII.121.mkd
Cleaning file: VII.122.mkd
Paragraph has no closing italics: ['**Praesalsus** (-um *cod.*) νε\\<α\\>ρόπαστος III 184, 18. **praesalsum**', 'ἀκρόπαστον II 224, 2. ταριχηρόν II 158, 9; 451, 54 (pers. *e*).', '**praesulsum** νε\\<α\\>ρόπαστον (νιτρόπαστον *Boucherie*) III 314, 72.', '*Cf.* nearopaston **praesalsum** III 219, 11 (pros.) = 234, 8 (*item*) =', '653, 11 (*ubi* νεόπηκτον *Haup*t*: *cf. Krumbacher Comm. in hon. Christii*', '*p.* 362; *Funck Arch.* IX 304). *V.* praesultum.']
Cleaning file: VII.123.mkd
Cleaning file: VII.124.mkd
Cleaning file: VII.125.mkd
Cleaning file: VII.126.mkd
Cleaning file: VII.127.mkd
Paragraph has no closing italics: ['**Preces dictare** V 411, 40 (*cf. *ecr. Inn.* 25).']
Cleaning file: VII.128.mkd
Cleaning file: VII.129.mkd
Cleaning file: VII.130.mkd
Cleaning file: VII.131.mkd
Cleaning file: VII.132.mkd
Cleaning file: VII.133.mkd
Cleaning file: VII.134.mkd
Cleaning file: VII.135.mkd
Cleaning file: VII.136.mkd
Cleaning file: VII.137.mkd
Cleaning file: VII.138.mkd
Cleaning file: VII.139.mkd
Cleaning file: VII.140.mkd
Cleaning file: VII.141.mkd
Cleaning file: VII.142.mkd
Cleaning file: VII.143.mkd
Cleaning file: VII.144.mkd
Cleaning file: VII.145.mkd
Cleaning file: VII.146.mkd
Cleaning file: VII.147.mkd
Cleaning file: VII.148.mkd
Cleaning file: VII.149.mkd
Cleaning file: VII.150.mkd
Cleaning file: VII.151.mkd
Cleaning file: VII.152.mkd
Cleaning file: VII.153.mkd
Cleaning file: VII.154.mkd
Cleaning file: VII.155.mkd
Cleaning file: VII.156.mkd
Cleaning file: VII.157.mkd
Cleaning file: VII.158.mkd
Cleaning file: VII.159.mkd
Cleaning file: VII.160.mkd
Cleaning file: VII.161.mkd
Cleaning file: VII.162.mkd
Cleaning file: VII.163.mkd
Cleaning file: VII.164.mkd
Cleaning file: VII.165a.mkd
Cleaning file: VII.165b.mkd
Cleaning file: VII.166.mkd
Cleaning file: VII.167.mkd
Cleaning file: VII.168.mkd
Paragraph has no closing italics: ['**Qualus** σώρακος, κόφινος II 166, 15 (*cf. margo*). κόφινος II 354,', '32; III 322, 13; 461, 68; 484, 9. κάλαθος II 337, 12 (qualis *cod. corr.**', '*a e*). ἠθμός (ηθρος *cod.*), δινλιστηρ II 166, 14 (qualos *cod. corr.*', '*e*). cofinus, corbis II 591, 1. mand (*AS.*) V 385, 44. **qualum**', 'cofinum IV 383, 13. **quali** per quos uinum defluit V 556, 38.', '**qualos** corbes quibus uuae portantur V 237, 46. corbes colaque', 'prelorum, per quos mustus fluit, a colando V 238, 1 (*Verg. Georg.* II', '242: *cf. Serv.*). coffinos V 326, 37. *V.* cophinus (squalum).']
Cleaning file: VII.169.mkd
Cleaning file: VII.170.mkd
Cleaning file: VII.171.mkd
Cleaning file: VII.172.mkd
Cleaning file: VII.173.mkd
Paragraph has no closing italics: ['**Quiliaci** (=* κοιλ-) causa in uentriculo subitanea digestio cum', 'turbatione III 604, 42. **ciliacorum** quiliacis III 599, 29.']
