Adding XML attributes to C:\Users\adamg\cglo-git\XML/CGLO.01.A.xml
Upper-case sublemma (Abes at page VI.10, line 568)?
Upper-case sublemma (Acherontes at page VI.17, line 918)?
Upper-case sublemma (Achiuis at page VI.17, line 922)?
Upper-case sublemma (Actio at page VI.19, line 1082)?
Upper-case sublemma (Acuminatus at page VI.20, line 1124)?
Upper-case sublemma (Adar zios (?) at page VI.21, line 1212)?
Lower-case lemma (adisse) at page VI.23, line 1302?
Upper-case sublemma (Adonius at page VI.27, line 1576)?
Upper-case sublemma (Adtesascondit at page VI.28, line 1670)?
Upper-case sublemma (Aeorus at page VI.33, line 1960)?
Upper-case sublemma (Hesculapius at page VI.36, line 2142)?
Upper-case sublemma (Aethiopes at page VI.38, line 2222)?
Upper-case sublemma (Aethiopes at page VI.38, line 2222)?
Upper-case sublemma (Aethon at page VI.38, line 2226)?
Upper-case sublemma (Aethon at page VI.38, line 2226)?
Lower-case lemma (adflictes) at page VI.41, line 2336?
Upper-case sublemma (Agrippas at page VI.46, line 2598)?
Upper-case sublemma (Allobrox at page VI.52, line 2992)?
Upper-case sublemma (Ambrox at page VI.52, line 2992)?
Upper-case sublemma (Adlobrus at page VI.52, line 2992)?
Upper-case sublemma (Allobroga at page VI.52, line 2992)?
Upper-case sublemma (Allobroges at page VI.53, line 2992)?
Upper-case sublemma (Alpis at page VI.54, line 3064)?
Upper-case sublemma (Alpes at page VI.54, line 3064)?
Upper-case sublemma (Amaryllida at page VI.58, line 3282)?
Upper-case sublemma (Amaryllidis at page VI.58, line 3282)?
Upper-case sublemma (Paphus at page VI.58, line 3288)?
Lower-case lemma (amblyopiae) at page VI.60, line 3370?
Upper-case sublemma (Aminei at page VI.62, line 3486)?
Upper-case sublemma (Amineae at page VI.62, line 3486)?
Upper-case sublemma (Amphitrites at page VI.64, line 3578)?
Upper-case sublemma (Amphitrides at page VI.64, line 3580)?
Lower-case lemma (amiterminus) at page VI.65, line 3642?
Upper-case sublemma (Amyclis at page VI.65, line 3658)?
Lower-case lemma (anagalico) at page VI.66, line 3694?
Lower-case lemma (sarina) at page VI.74, line 4188?
Upper-case sublemma (A. at page VI.76, line 4392)?
Upper-case sublemma (Antinoo at page VI.76, line 4392)?
Lower-case lemma (amtorbato) at page VI.78, line 4450?
Upper-case sublemma (Anubin at page VI.78, line 4456)?
Upper-case sublemma (Afrodisios at page VI.80, line 4580)?
Upper-case sublemma (Apollonaria at page VI.81, line 4656)?
Lower-case lemma (aptare) at page VI.85, line 4896?
Upper-case sublemma (Arcendis at page VI.89, line 5182)?
Upper-case sublemma (Argiuis at page VI.93, line 5400)?
Upper-case sublemma (Argi at page VI.93, line 5400)?
Upper-case sublemma (Arui at page VI.93, line 5400)?
Upper-case sublemma (Argis at page VI.93, line 5400)?
Upper-case sublemma (Argolicam at page VI.93, line 5404)?
Upper-case sublemma (Argolici at page VI.93, line 5404)?
Upper-case sublemma (Argolicas at page VI.93, line 5404)?
Upper-case sublemma (Afestotiles at page VI.95, line 5488)?
Upper-case sublemma (Afestitolis at page VI.95, line 5488)?
Lower-case lemma (adsciueri<t>) at page VI.102, line 5870?
Upper-case sublemma (Assia at page VI.102, line 5896)?
Upper-case sublemma (Asia at page VI.102, line 5896)?
Upper-case sublemma (Assiani at page VI.102, line 5898)?
Upper-case sublemma (Atarna at page VI.108, line 6294)?
Upper-case sublemma (Atellani at page VI.108, line 6306)?
Upper-case sublemma (Aruncus at page VI.118, line 6818)?
Upper-case sublemma (Auxinium at page VI.118, line 6836)?
Upper-case sublemma (Auer at page VI.120, line 6960)?
Lower-case lemma (num) at page VI.121, line 6962?
Upper-case sublemma (Auerni at page VI.121, line 6962)?
Upper-case sublemma (Auerno at page VI.121, line 6962)?
Upper-case sublemma (Auerno at page VI.121, line 6962)?
Adding XML attributes to C:\Users\adamg\cglo-git\XML/CGLO.02.B.xml
Upper-case sublemma (Babylonia at page VI.123, line 20)?
Upper-case sublemma (Babylonius at page VI.123, line 20)?
Upper-case sublemma (Babil at page VI.123, line 20)?
Upper-case sublemma (Babylona at page VI.123, line 22)?
Upper-case sublemma (Babylonia at page VI.123, line 22)?
Upper-case sublemma (Bacchi latex at page VI.124, line 60)?
Upper-case sublemma (Bacchi ueteris at page VI.124, line 62)?
Upper-case sublemma (Baccum at page VI.125, line 72)?
Upper-case sublemma (Baiae, Cumae at page VI.125, line 124)?
Upper-case sublemma (Barciae at page VI.129, line 308)?
Upper-case sublemma (Balcei at page VI.129, line 308)?
Upper-case sublemma (Biarces at page VI.129, line 308)?
Upper-case sublemma (Bardes at page VI.129, line 316)?
Upper-case sublemma (Babricaus at page VI.133, line 498)?
Upper-case sublemma (Belis at page VI.134, line 520)?
Upper-case sublemma (Berencia at page VI.137, line 744)?
Upper-case sublemma (Bistoniae at page VI.144, line 1054)?
Adding XML attributes to C:\Users\adamg\cglo-git\XML/CGLO.03.C.xml
Upper-case sublemma (Calchantem at page VI.166, line 380)?
Upper-case sublemma (Calliope at page VI.169, line 526)?
Upper-case sublemma (Cantabri at page VI.174, line 840)?
Upper-case sublemma (Kasleu at page VI.185, line 1402)?
Upper-case sublemma (Casleu at page VI.185, line 1402)?
Upper-case sublemma (Cassiepia at page VI.186, line 1444)?
Upper-case sublemma (Pollux at page VI.187, line 1488)?
Upper-case sublemma (Catamiti at page VI.188, line 1550)?
Upper-case sublemma (Cataphrygarum at page VI.189, line 1562)?
Upper-case sublemma (Cathis at page VI.191, line 1658)?
Upper-case sublemma (Celeus at page VI.196, line 1924)?
Upper-case sublemma (Centurum at page VI.199, line 2036)?
Upper-case sublemma (Cerunia at page VI.200, line 2138)?
Upper-case sublemma (Cerealia at page VI.201, line 2160)?
Upper-case sublemma (Cereris at page VI.201, line 2176)?
Upper-case sublemma (Cererem at page VI.201, line 2176)?
Upper-case sublemma (Cerere at page VI.201, line 2176)?
Upper-case sublemma (Cymira at page VI.208, line 2478)?
Upper-case sublemma (Chimaera at page VI.208, line 2478)?
Upper-case sublemma (Enceladus at page VI.208, line 2506)?
Upper-case sublemma (Cicerones at page VI.210, line 2618)?
Upper-case sublemma (Cimbri at page VI.212, line 2690)?
Upper-case sublemma (Clarius at page VI.219, line 3216)?
Upper-case sublemma (Clato at page VI.224, line 3418)?
Upper-case sublemma (Cludidenus at page VI.224, line 3422)?
Upper-case sublemma (Cocitus at page VI.226, line 3600)?
Upper-case sublemma (Cocuetus at page VI.226, line 3600)?
Upper-case sublemma (Cocytos amnes at page VI.226, line 3600)?
Lower-case lemma (cho<r>s militum) at page VI.229, line 3718?
Lower-case lemma (ludit) at page VI.232, line 3920?
Lower-case lemma (ducere) at page VI.253, line 5078?
Lower-case lemma (congermaniscere) at page VI.257, line 5322?
Lower-case lemma (congregat) at page VI.258, line 5368?
Lower-case lemma (iecturam) at page VI.259, line 5414?
Lower-case lemma (consentiunt) at page VI.262, line 5602?
Lower-case lemma (consuetudinem) at page VI.266, line 5814?
Upper-case sublemma (Conso at page VI.267, line 5880)?
Upper-case sublemma (Cossus at page VI.267, line 5880)?
Lower-case lemma (controuersiae) at page VI.272, line 6126?
Lower-case lemma (uicta) at page VI.275, line 6290?
Upper-case sublemma (Cory[m]bantes at page VI.281, line 6712)?
Upper-case sublemma (Corybantes at page VI.281, line 6712)?
Upper-case sublemma (Creta at page VI.287, line 6990)?
Lower-case lemma (tior) at page VI.288, line 7054?
Upper-case sublemma (Crustumia at page VI.290, line 7210)?
Upper-case sublemma (Cybeles at page VI.300, line 7712)?
Upper-case sublemma (Celides at page VI.300, line 7712)?
Upper-case sublemma (Cycladas at page VI.300, line 7720)?
Upper-case sublemma (Cyclopes at page VI.300, line 7728)?
Upper-case sublemma (Cidnus at page VI.300, line 7738)?
Upper-case sublemma (Cyllenus at page VI.301, line 7752)?
Upper-case sublemma (Cyllenius at page VI.301, line 7752)?
Upper-case sublemma (Cynthiam at page VI.302, line 7788)?
Upper-case sublemma (Cynthius at page VI.302, line 7790)?
Upper-case sublemma (Cyprum at page VI.302, line 7814)?
Adding XML attributes to C:\Users\adamg\cglo-git\XML/CGLO.04.D.xml
Upper-case sublemma (Damascena at page VI.303, line 50)?
Lower-case lemma (dammam) at page VI.304, line 72?
Upper-case sublemma (Damotretas at page VI.304, line 102)?
Upper-case sublemma (Danai at page VI.304, line 106)?
Upper-case sublemma (Daphnis at page VI.304, line 122)?
Upper-case sublemma (Dardani at page VI.305, line 138)?
Upper-case sublemma (Dau[n]um at page VI.305, line 184)?
Lower-case lemma (docet) at page VI.312, line 578?
Lower-case lemma (monstrat) at page VI.322, line 1226?
Lower-case lemma (despectare) at page VI.331, line 1826?
Lower-case lemma (dixerunt) at page VI.340, line 2326?
Upper-case sublemma (Dionesius at page VI.347, line 2806)?
Upper-case sublemma (Dircaea at page VI.347, line 2846)?
Upper-case sublemma (Dis at page VI.352, line 3134)?
Upper-case sublemma (Ditis at page VI.352, line 3134)?
Upper-case sublemma (Ditis pater at page VI.352, line 3134)?
Upper-case sublemma (Ditis at page VI.352, line 3134)?
Upper-case sublemma (Ditis at page VI.352, line 3134)?
Upper-case sublemma (Diespiter, Ditis at page VI.352, line 3134)?
Upper-case sublemma (Dispater at page VI.352, line 3134)?
Upper-case sublemma (Dispater at page VI.352, line 3134)?
Upper-case sublemma (Despiter at page VI.352, line 3134)?
Upper-case sublemma (Dium <D>ius at page VI.357, line 3468)?
Upper-case sublemma (Dorica at page VI.364, line 3832)?
Upper-case sublemma (Dorica castra at page VI.364, line 3832)?
Upper-case sublemma (Doris at page VI.365, line 3834)?
Upper-case sublemma (Duis at page VI.368, line 4044)?
Adding XML attributes to C:\Users\adamg\cglo-git\XML/CGLO.05.E.xml
Upper-case sublemma (Equidem at page VI.371, line 4)?
Upper-case sublemma (Edoni at page VI.374, line 188)?
Upper-case sublemma (Elissae at page VI.381, line 626)?
Upper-case sublemma (Elysium Elysi at page VI.383, line 730)?
Upper-case sublemma (Elysios campos at page VI.383, line 732)?
Upper-case sublemma (Elysios at page VI.383, line 732)?
Upper-case sublemma (Eos at page VI.391, line 1184)?
Upper-case sublemma (Manasse at page VI.392, line 1220)?
Upper-case sublemma (Effrem at page VI.392, line 1220)?
Lower-case lemma (epicroca) at page VI.393, line 1244?
Upper-case sublemma (Epicureorum at page VI.393, line 1246)?
Upper-case sublemma (Epicur[i]us at page VI.393, line 1248)?
Upper-case sublemma (Erebi at page VI.396, line 1468)?
Upper-case sublemma (Eridanus fluuius at page VI.398, line 1536)?
Upper-case sublemma (Erunis at page VI.398, line 1552)?
Upper-case sublemma (Erinae at page VI.398, line 1552)?
Upper-case sublemma (Eritium at page VI.398, line 1556)?
Upper-case sublemma (Erulorum at page VI.399, line 1648)?
Upper-case sublemma (Etrusci at page VI.402, line 1800)?
Upper-case sublemma (Euan at page VI.402, line 1818)?
Upper-case sublemma (Eumenidum at page VI.402, line 1850)?
Upper-case sublemma (Eumenidus at page VI.402, line 1850)?
Upper-case sublemma (Eumenidum at page VI.402, line 1850)?
Upper-case sublemma (Europa, Asia at page VI.403, line 1886)?
Upper-case sublemma (Africa at page VI.403, line 1886)?
Upper-case sublemma (Eridanus at page VI.403, line 1890)?
Upper-case sublemma (Exechus at page VI.411, line 2414)?
Lower-case lemma (eximus) at page VI.412, line 2444?
Lower-case lemma (tendit) at page VI.425, line 3194?
Adding XML attributes to C:\Users\adamg\cglo-git\XML/CGLO.06.F.xml
Upper-case sublemma (Faecula at page VI.432, line 208)?
Upper-case sublemma (Faen- at page VI.432, line 214)?
Upper-case sublemma (Psyllii at page VI.436, line 432)?
Upper-case sublemma (Faonum at page VI.439, line 608)?
Upper-case sublemma (Fauni at page VI.439, line 608)?
Upper-case sublemma (Fauni at page VI.439, line 608)?
Upper-case sublemma (Februarium at page VI.441, line 688)?
Lower-case lemma (femora) at page VI.443, line 772?
Lower-case lemma (fidelem) at page VI.450, line 1140?
Upper-case sublemma (Flamicus at page VI.456, line 1478)?
Upper-case sublemma (Famicus at page VI.456, line 1478)?
Lower-case lemma (mebant) at page VI.468, line 2202?
Upper-case sublemma (Sagaris at page VI.473, line 2502)?
Upper-case sublemma (Furiae at page VI.478, line 2784)?
Upper-case sublemma (Furias at page VI.478, line 2784)?
Adding XML attributes to C:\Users\adamg\cglo-git\XML/CGLO.07.G.xml
Lower-case lemma (gessa) at page VI.481, line 26?
Upper-case sublemma (Gaetuli at page VI.481, line 32)?
Upper-case sublemma (Gaetulis at page VI.481, line 32)?
Upper-case sublemma (Galacteam at page VI.481, line 52)?
Upper-case sublemma (Gallicanorum at page VI.482, line 110)?
Upper-case sublemma (Gantes at page VI.483, line 188)?
Upper-case sublemma (Ganimedis at page VI.484, line 204)?
Lower-case lemma (dium) at page VI.485, line 256?
Upper-case sublemma (Gehenna at page VI.485, line 294)?
Upper-case sublemma (Getae at page VI.492, line 638)?
Upper-case sublemma (Geti at page VI.492, line 638)?
Upper-case sublemma (Getae at page VI.492, line 638)?
Upper-case sublemma (Glaucus at page VI.495, line 788)?
Upper-case sublemma (Glycerium at page VI.497, line 916)?
Upper-case sublemma (Gnosia at page VI.498, line 966)?
Upper-case sublemma (Gurgas at page VI.499, line 998)?
Upper-case sublemma (Gorgoni at page VI.499, line 998)?
Upper-case sublemma (Gorgones at page VI.499, line 998)?
Upper-case sublemma (Gradiuum patrem at page VI.499, line 1042)?
Upper-case sublemma (Gradiuus at page VI.499, line 1042)?
Upper-case sublemma (Graecum at page VI.500, line 1064)?
Upper-case sublemma (Graeci at page VI.500, line 1064)?
Upper-case sublemma (Graeci at page VI.500, line 1064)?
Upper-case sublemma (Graecorum at page VI.500, line 1064)?
Upper-case sublemma (Graecos at page VI.500, line 1064)?
Upper-case sublemma (Grai at page VI.500, line 1076)?
Upper-case sublemma (Graiae at page VI.500, line 1076)?
Upper-case sublemma (Graiorum at page VI.500, line 1076)?
Upper-case sublemma (Grados at page VI.500, line 1076)?
Upper-case sublemma (Gratiae deae at page VI.502, line 1204)?
Lower-case lemma (gratificare) at page VI.503, line 1224?
Upper-case sublemma (Grina at page VI.505, line 1332)?
Upper-case sublemma (Grina at page VI.506, line 1390)?
Adding XML attributes to C:\Users\adamg\cglo-git\XML/CGLO.08.H.xml
Upper-case sublemma (Aides at page VI.510, line 62)?
Upper-case sublemma (Aiden at page VI.510, line 62)?
Upper-case sublemma (Ade at page VI.510, line 62)?
Upper-case sublemma (Adeo at page VI.510, line 62)?
Upper-case sublemma (Heumenia at page VI.511, line 94)?
Upper-case sublemma (Ca<r>poforos at page VI.511, line 106)?
Upper-case sublemma (Hamio at page VI.512, line 148)?
Upper-case sublemma (Harpyae at page VI.513, line 186)?
Upper-case sublemma (Ebruum at page VI.515, line 332)?
Upper-case sublemma (Hellespontum at page VI.516, line 374)?
Upper-case sublemma (Herculus at page VI.517, line 488)?
Upper-case sublemma (Hermes at page VI.518, line 522)?
Upper-case sublemma (Hermon at page VI.518, line 532)?
Upper-case sublemma (Hesperiam at page VI.519, line 568)?
Upper-case sublemma (Iesferos at page VI.519, line 574)?
Upper-case sublemma (Hiber at page VI.520, line 624)?
Upper-case sublemma (Hiberia at page VI.520, line 624)?
Upper-case sublemma (Hirnia at page VI.522, line 776)?
Upper-case sublemma (Hosirim at page VI.528, line 1070)?
Upper-case sublemma (Horum at page VI.528, line 1070)?
Upper-case sublemma (Yblaeae at page VI.531, line 1232)?
Upper-case sublemma (Ircanum at page VI.533, line 1342)?
Adding XML attributes to C:\Users\adamg\cglo-git\XML/CGLO.09.I.xml
Upper-case sublemma (Ianiculum at page VI.535, line 100)?
Upper-case sublemma (Februarius at page VI.535, line 120)?
Upper-case sublemma (Martius at page VI.535, line 120)?
Upper-case sublemma (Aprilis at page VI.535, line 120)?
Upper-case sublemma (Maius at page VI.535, line 120)?
Upper-case sublemma (Iunius at page VI.535, line 120)?
Upper-case sublemma (Iulius at page VI.535, line 120)?
Upper-case sublemma (Augustus at page VI.535, line 120)?
Upper-case sublemma (Septem­ber at page VI.535, line 120)?
Upper-case sublemma (October at page VI.535, line 120)?
Upper-case sublemma (Nouember at page VI.535, line 120)?
Upper-case sublemma (Iliaci at page VI.540, line 366)?
Upper-case sublemma (Iliacas at page VI.540, line 366)?
Upper-case sublemma (Iliacis at page VI.540, line 366)?
Upper-case sublemma (Ilibus at page VI.540, line 366)?
Upper-case sublemma (Iliacus at page VI.540, line 366)?
Lower-case lemma (imbuere) at page VI.544, line 610?
Upper-case sublemma (Incuba at page VI.561, line 1784)?
Upper-case sublemma (Incibus at page VI.561, line 1786)?
Upper-case sublemma (Incuu at page VI.561, line 1786)?
Lower-case lemma (indole) at page VI.566, line 2100?
Lower-case lemma (inhibere) at page VI.578, line 2858?
Lower-case lemma (institutores) at page VI.589, line 3696?
Upper-case sublemma (Intenti at page VI.592, line 3888)?
Upper-case sublemma (Ieortasticai at page VI.603, line 4658)?
Upper-case sublemma (Inormes at page VI.603, line 4658)?
Upper-case sublemma (Hiopadis at page VI.603, line 4672)?
Upper-case sublemma (Ioui barba at page VI.603, line 4692)?
Upper-case sublemma (Iouis b. at page VI.603, line 4692)?
Upper-case sublemma (Isciscitari at page VI.606, line 4892)?
Upper-case sublemma (Ister Dacus at page VI.607, line 4922)?
Upper-case sublemma (Isaurum at page VI.607, line 4922)?
Upper-case sublemma (Itarum at page VI.607, line 4922)?
Upper-case sublemma (Iturae<i> arcus at page VI.608, line 5018)?
Upper-case sublemma (Iulium at page VI.610, line 5140)?
Lower-case lemma (ceas) at page VI.611, line 5154?
Upper-case sublemma (Iunonis at page VI.611, line 5186)?
Upper-case sublemma (Iouis at page VI.611, line 5198)?
Upper-case sublemma (Iouis at page VI.611, line 5198)?
Upper-case sublemma (Iouis at page VI.611, line 5198)?
Upper-case sublemma (Iuppres at page VI.611, line 5198)?
Upper-case sublemma (Iouis at page VI.611, line 5198)?
Upper-case sublemma (Ioui at page VI.611, line 5198)?
Upper-case sublemma (Iouem at page VI.611, line 5198)?
Upper-case sublemma (Ioue at page VI.611, line 5198)?
Upper-case sublemma (Iuppiter at page VI.611, line 5198)?
Upper-case sublemma (Diuturna at page VI.613, line 5328)?
Upper-case sublemma (Iuturna at page VI.613, line 5328)?
Upper-case sublemma (Iuueuta[ti]s at page VI.614, line 5358)?
Adding XML attributes to C:\Users\adamg\cglo-git\XML/CGLO.10.K.xml
Error: no <form> tag in paragraph at line 8
Adding XML attributes to C:\Users\adamg\cglo-git\XML/CGLO.11.L.xml
Upper-case sublemma (Lacos at page VI.618, line 122)?
Upper-case sublemma (Laestrigones at page VI.620, line 218)?
Upper-case sublemma (Lamia at page VI.621, line 284)?
Upper-case sublemma (Lamiae at page VI.621, line 284)?
Upper-case sublemma (Lapitus at page VI.625, line 466)?
Upper-case sublemma (P[i]thia at page VI.626, line 558)?
Upper-case sublemma (Latinum at page VI.628, line 696)?
Upper-case sublemma (Latini at page VI.628, line 696)?
Upper-case sublemma (Leini at page VI.629, line 696)?
Upper-case sublemma (Latini at page VI.629, line 696)?
Upper-case sublemma (Latinum at page VI.629, line 708)?
Upper-case sublemma (Latio at page VI.629, line 708)?
Upper-case sublemma (Latreusis at page VI.629, line 726)?
Upper-case sublemma (Laurentem at page VI.630, line 796)?
Upper-case sublemma (Lauriola at page VI.630, line 814)?
Lower-case lemma (runt) at page VI.632, line 872?
Upper-case sublemma (Lepos at page VI.637, line 1186)?
Upper-case sublemma (Lethaeo at page VI.638, line 1226)?
Upper-case sublemma (Lethe[s] at page VI.638, line 1232)?
Upper-case sublemma (Liber at page VI.640, line 1350)?
Upper-case sublemma (Liberum at page VI.640, line 1350)?
Upper-case sublemma (Libero at page VI.640, line 1350)?
Upper-case sublemma (Lilybaeum at page VI.642, line 1408)?
Upper-case sublemma (Limpe at page VI.642, line 1432)?
Upper-case sublemma (Liburni at page VI.643, line 1434)?
Upper-case sublemma (Liburnae at page VI.643, line 1434)?
Upper-case sublemma (Libyae at page VI.643, line 1440)?
Upper-case sublemma (Libyci at page VI.643, line 1444)?
Upper-case sublemma (Libycos at page VI.643, line 1444)?
Upper-case sublemma (Licinia at page VI.643, line 1478)?
Upper-case sublemma (Libya at page VI.644, line 1496)?
Upper-case sublemma (Lilibeus at page VI.645, line 1600)?
Lower-case lemma (locauerim) at page VI.653, line 2008?
Upper-case sublemma (Lubrica at page VI.655, line 2162)?
Upper-case sublemma (Lucetius at page VI.656, line 2200)?
Upper-case sublemma (Diana lucifera at page VI.657, line 2228)?
Upper-case sublemma (Lucinam at page VI.657, line 2238)?
Lower-case lemma (lucubrauimus) at page VI.658, line 2290?
Upper-case sublemma (Luna at page VI.660, line 2422)?
Upper-case sublemma (Lupercalia at page VI.661, line 2470)?
Upper-case sublemma (Lyaeum at page VI.664, line 2620)?
Adding XML attributes to C:\Users\adamg\cglo-git\XML/CGLO.12.M.xml
Upper-case sublemma (Maeandrus at page VI.667, line 124)?
Upper-case sublemma (Maeandrum at page VI.667, line 124)?
Upper-case sublemma (Meotides at page VI.668, line 142)?
Upper-case sublemma (Maiae genitum at page VI.670, line 282)?
Lower-case lemma (manducas) at page VI.676, line 612?
Lower-case lemma (liae (!)) at page VI.680, line 826?
Upper-case sublemma (Mapponus at page VI.680, line 830)?
Upper-case sublemma (Marillis at page VI.681, line 904)?
Upper-case sublemma (Ares at page VI.682, line 958)?
Upper-case sublemma (Arius at page VI.682, line 958)?
Upper-case sublemma (Mar[i]s at page VI.682, line 958)?
Upper-case sublemma (Mars Martis at page VI.682, line 958)?
Upper-case sublemma (Martis at page VI.682, line 958)?
Upper-case sublemma (Martem at page VI.682, line 958)?
Upper-case sublemma (Mars<us> at page VI.682, line 976)?
Upper-case sublemma (Marsi at page VI.682, line 976)?
Upper-case sublemma (Marsorum at page VI.682, line 976)?
Upper-case sublemma (Martium at page VI.682, line 990)?
Lower-case lemma (matla) at page VI.685, line 1142?
Upper-case sublemma (Mauortia at page VI.685, line 1182)?
Upper-case sublemma (Maiurohd at page VI.686, line 1204)?
Lower-case lemma (medicinalium) at page VI.687, line 1280?
Upper-case sublemma (Melopeum at page VI.689, line 1470)?
Upper-case sublemma (Memnonis at page VI.690, line 1508)?
Upper-case sublemma (Sextilis at page VI.692, line 1594)?
Upper-case sublemma (Policletes at page VI.693, line 1662)?
Upper-case sublemma (Mercuride at page VI.695, line 1724)?
Upper-case sublemma (Mercurii at page VI.695, line 1726)?
Upper-case sublemma (Mercurium at page VI.695, line 1726)?
Upper-case sublemma (Mesgus at page VI.696, line 1820)?
Upper-case sublemma (Micipsae at page VI.698, line 1938)?
Lower-case lemma (mus) at page VI.699, line 1942?
Upper-case sublemma (Milissae at page VI.699, line 1974)?
Upper-case sublemma (Milisiae at page VI.699, line 1974)?
Upper-case sublemma (Musiae at page VI.699, line 1974)?
Upper-case sublemma (Minerualia at page VI.700, line 2058)?
Upper-case sublemma (Minerualicium at page VI.700, line 2060)?
Lower-case lemma (molit) at page VI.708, line 2532?
Upper-case sublemma (Molossi at page VI.708, line 2536)?
Upper-case sublemma (Molosos at page VI.708, line 2536)?
Upper-case sublemma (Mulciuer at page VI.714, line 2878)?
Upper-case sublemma (Mulcifer at page VI.714, line 2878)?
Upper-case sublemma (Musae at page VI.720, line 3202)?
Upper-case sublemma (Musarum at page VI.720, line 3202)?
Upper-case sublemma (Mycenas at page VI.723, line 3390)?
Upper-case sublemma (Metenas at page VI.723, line 3390)?
Upper-case sublemma (Metentus at page VI.723, line 3390)?
Upper-case sublemma (Myrum at page VI.723, line 3418)?
Adding XML attributes to C:\Users\adamg\cglo-git\XML/CGLO.13.N.xml
Upper-case sublemma (Naiadas at page VI.724, line 30)?
Upper-case sublemma (Naides at page VI.724, line 32)?
Lower-case lemma (nardum) at page VI.726, line 96?
Upper-case sublemma (Naricia at page VI.726, line 104)?
Upper-case sublemma (Nareus at page VI.730, line 314)?
Upper-case sublemma (Neptunalia at page VI.735, line 576)?
Upper-case sublemma (Nerais Neraida at page VI.736, line 624)?
Upper-case sublemma (Nereides at page VI.736, line 624)?
Upper-case sublemma (Nere (!) at page VI.736, line 624)?
Upper-case sublemma (Nerea at page VI.736, line 626)?
Upper-case sublemma (Nerus at page VI.736, line 628)?
Upper-case sublemma (Nurus at page VI.736, line 628)?
Upper-case sublemma (Neryntos at page VI.736, line 632)?
Lower-case lemma (nominate) at page VI.743, line 1022?
Upper-case sublemma (Borios at page VI.745, line 1252)?
Lower-case lemma (nebile) at page VI.748, line 1394?
Adding XML attributes to C:\Users\adamg\cglo-git\XML/CGLO.14.corr-II.xml
Adding XML attributes to C:\Users\adamg\cglo-git\XML/CGLO.15.corr-I.xml
Adding XML attributes to C:\Users\adamg\cglo-git\XML/CGLO.16.O.xml
Lower-case lemma (quat) at page VII.4, line 172?
Upper-case sublemma (Iobseta at page VII.8, line 410)?
Upper-case sublemma (Obsoletatus at page VII.8, line 418)?
Upper-case sublemma (Ocianos at page VII.14, line 762)?
Upper-case sublemma (Oceanum at page VII.14, line 762)?
Upper-case sublemma (Odo at page VII.15, line 840)?
Upper-case sublemma (Oedeppia at page VII.16, line 884)?
Upper-case sublemma (Oethepia at page VII.16, line 884)?
Upper-case sublemma (Offensitans at page VII.17, line 928)?
Upper-case sublemma (Olia at page VII.19, line 1082)?
Upper-case sublemma (Olympum at page VII.20, line 1148)?
Lower-case lemma (opacant) at page VII.23, line 1274?
Upper-case sublemma (Opeseca at page VII.23, line 1332)?
Upper-case sublemma (Opinate at page VII.24, line 1364)?
Upper-case sublemma (Opinato at page VII.24, line 1364)?
Upper-case sublemma (Opis at page VII.27, line 1500)?
Upper-case sublemma (Ops, Opi\[u\]s at page VII.27, line 1500)?
Upper-case sublemma (Ops at page VII.27, line 1500)?
Upper-case sublemma (Orientales at page VII.31, line 1726)?
Upper-case sublemma (Orio at page VII.32, line 1744)?
Upper-case sublemma (Orion at page VII.32, line 1744)?
Upper-case sublemma (Oriona at page VII.32, line 1744)?
Upper-case sublemma (Horonte at page VII.33, line 1790)?
Adding XML attributes to C:\Users\adamg\cglo-git\XML/CGLO.17.P.xml
Upper-case sublemma (Hermus at page VII.37, line 56)?
Upper-case sublemma (Tagus at page VII.37, line 56)?
Upper-case sublemma (Pagus at page VII.37, line 66)?
Upper-case sublemma (Palex at page VII.40, line 178)?
Upper-case sublemma (Panas at page VII.42, line 302)?
Upper-case sublemma (Pantagia at page VII.45, line 414)?
Upper-case sublemma (Pafos at page VII.45, line 458)?
Upper-case sublemma (Pafus at page VII.45, line 458)?
Upper-case sublemma (Parcae at page VII.47, line 568)?
Upper-case sublemma (Parcas at page VII.47, line 568)?
Upper-case sublemma (Pargo at page VII.49, line 634)?
Upper-case sublemma (Parius at page VII.49, line 678)?
Upper-case sublemma (Patricius at page VII.55, line 1016)?
Lower-case lemma (duculum) at page VII.62, line 1360?
Upper-case sublemma (Pegasus at page VII.62, line 1368)?
Upper-case sublemma (Pelasge at page VII.62, line 1396)?
Upper-case sublemma (Peligni at page VII.63, line 1418)?
Upper-case sublemma (Pellurum at page VII.64, line 1476)?
Upper-case sublemma (Pelori at page VII.64, line 1476)?
Upper-case sublemma (Penthesilia at page VII.66, line 1612)?
Upper-case sublemma (Pergama at page VII.71, line 1928)?
Upper-case sublemma (Periclitatus at page VII.72, line 1954)?
Upper-case sublemma (Perparum at page VII.75, line 2170)?
Upper-case sublemma (Perpaucus at page VII.75, line 2170)?
Upper-case sublemma (Perpotatio at page VII.76, line 2242)?
Upper-case sublemma (Perpotiri at page VII.76, line 2242)?
Lower-case lemma (perscribit) at page VII.77, line 2278?
Upper-case sublemma (Persidis, Persidos at page VII.77, line 2322)?
Upper-case sublemma (Persidis at page VII.77, line 2322)?
Upper-case sublemma (Peruli at page VII.79, line 2460)?
Upper-case sublemma (Petilius at page VII.81, line 2600)?
Upper-case sublemma (Marcidonis at page VII.82, line 2632)?
Lower-case lemma (peucidanis) at page VII.83, line 2660?
Upper-case sublemma (Fetontis at page VII.83, line 2676)?
Upper-case sublemma (Philippei at page VII.84, line 2754)?
Upper-case sublemma (Philippeos at page VII.84, line 2754)?
Upper-case sublemma (Flegetonta at page VII.85, line 2788)?
Upper-case sublemma (Phlegetontas at page VII.85, line 2788)?
Upper-case sublemma (Phoebe at page VII.85, line 2804)?
Upper-case sublemma (Phoeba at page VII.85, line 2804)?
Upper-case sublemma (Phoebea (?) at page VII.85, line 2804)?
Upper-case sublemma (Fibea at page VII.85, line 2804)?
Upper-case sublemma (Phoebe at page VII.85, line 2804)?
Upper-case sublemma (Phoebe<n> at page VII.85, line 2804)?
Upper-case sublemma (Febea at page VII.85, line 2806)?
Upper-case sublemma (Panibus at page VII.85, line 2810)?
Upper-case sublemma (Porcus at page VII.85, line 2828)?
Upper-case sublemma (Fruges at page VII.86, line 2848)?
Upper-case sublemma (Phrygia at page VII.86, line 2860)?
Upper-case sublemma (Phrygias at page VII.86, line 2860)?
Upper-case sublemma (Pierides at page VII.87, line 2940)?
Upper-case sublemma (Piscium gluten at page VII.92, line 3210)?
Upper-case sublemma (Pissa at page VII.92, line 3224)?
Upper-case sublemma (Placitare at page VII.94, line 3312)?
Upper-case sublemma (Pliada at page VII.98, line 3486)?
Upper-case sublemma (Pliades at page VII.98, line 3486)?
Upper-case sublemma (Pluenta at page VII.98, line 3550)?
Upper-case sublemma (Poenus at page VII.100, line 3662)?
Upper-case sublemma (Poemus at page VII.100, line 3662)?
Upper-case sublemma (Puni at page VII.100, line 3662)?
Upper-case sublemma (Pollic<itor>es at page VII.102, line 3742)?
Upper-case sublemma (Pollicitus at page VII.102, line 3742)?
Upper-case sublemma (Polytrichon at page VII.103, line 3830)?
Upper-case sublemma (Pomoni\[s\] at page VII.104, line 3852)?
Upper-case sublemma (Pomona at page VII.104, line 3852)?
Upper-case sublemma (Pomones at page VII.104, line 3852)?
Upper-case sublemma (Euxinum at page VII.105, line 3912)?
Upper-case sublemma (Pola mater at page VII.107, line 4008)?
Upper-case sublemma (Porgere at page VII.107, line 4038)?
Upper-case sublemma (Portarium at page VII.108, line 4088)?
Upper-case sublemma (Victoriae at page VII.109, line 4116)?
Lower-case lemma (pos tergum) at page VII.111, line 4210?
Lower-case lemma (praedones) at page VII.117, line 4554?
Lower-case lemma (prelum) at page VII.128, line 5254?
Upper-case sublemma (Facile tibi est at page VII.134, line 5612)?
Upper-case sublemma (Proconsulatus at page VII.135, line 5630)?
Upper-case sublemma (Procrastinatio at page VII.135, line 5630)?
Upper-case sublemma (Pro deum at page VII.136, line 5700)?
Upper-case sublemma (Prodiens at page VII.136, line 5700)?
Upper-case sublemma (Proeliantur at page VII.137, line 5738)?
Upper-case sublemma (Promptuarium at page VII.142, line 6022)?
Lower-case lemma (tuaria) at page VII.143, line 6024?
Upper-case sublemma (Propages at page VII.144, line 6104)?
Upper-case sublemma (Psyllii at page VII.154, line 6718)?
Upper-case sublemma (Pthitia at page VII.154, line 6730)?
Upper-case sublemma (Pumiceus at page VII.160, line 7034)?
Upper-case sublemma (Pannica terra at page VII.161, line 7058)?
Upper-case sublemma (Pithagoreus at page VII.165, line 7272)?
Upper-case sublemma (Pitigorici at page VII.165, line 7272)?
Upper-case sublemma (Phithion at page VII.165, line 7276)?
Upper-case sublemma (Pythium at page VII.165, line 7276)?
Upper-case sublemma (Putium at page VII.165, line 7276)?
Upper-case sublemma (Pythonis at page VII.165, line 7280)?
Adding XML attributes to C:\Users\adamg\cglo-git\XML/CGLO.18.Q.xml
Upper-case sublemma (Quadratim at page VII.165, line 24)?
Upper-case sublemma (Quinquatrus at page VII.173, line 448)?
Upper-case sublemma (Quinquatries at page VII.173, line 448)?
Upper-case sublemma (Quintilius at page VII.174, line 480)?
Upper-case sublemma (Quirites at page VII.175, line 500)?
Upper-case sublemma (Quiritium at page VII.175, line 500)?
Upper-case sublemma (Quiritum at page VII.175, line 500)?
Upper-case sublemma (Quiritos at page VII.175, line 500)?
Lower-case lemma (quisquilias) at page VII.177, line 522?
Adding XML attributes to C:\Users\adamg\cglo-git\XML/CGLO.19.R.xml
Lower-case lemma (suscipimus) at page VII.187, line 434?
Lower-case lemma (legit) at page VII.195, line 944?
Lower-case lemma (sitem suam reparauit) at page VII.199, line 1186?
Upper-case sublemma (Robrius at page VII.211, line 1960)?
Upper-case sublemma (Romae at page VII.211, line 2002)?
Upper-case sublemma (Romam at page VII.211, line 2002)?
Upper-case sublemma (Romani at page VII.212, line 2010)?
Upper-case sublemma (Romanos at page VII.212, line 2010)?
Upper-case sublemma (Romulea at page VII.212, line 2016)?
Lower-case lemma (rugem) at page VII.216, line 2200?
Upper-case sublemma (Ruminantes at page VII.217, line 2260)?
Upper-case sublemma (Ruminatio at page VII.217, line 2260)?
Upper-case sublemma (Rusticor at page VII.219, line 2374)?
Upper-case sublemma (Ruticilia (?) at page VII.219, line 2392)?
Adding XML attributes to C:\Users\adamg\cglo-git\XML/CGLO.20.S.xml
Upper-case sublemma (Salaciae at page VII.224, line 264)?
Upper-case sublemma (Collini at page VII.225, line 302)?
Upper-case sublemma (Salii at page VII.225, line 328)?
Upper-case sublemma (Saliorum at page VII.225, line 328)?
Upper-case sublemma (Salarium at page VII.225, line 328)?
Upper-case sublemma (Salios at page VII.225, line 328)?
Upper-case sublemma (Sami[c]a at page VII.228, line 488)?
Upper-case sublemma (Samo at page VII.228, line 500)?
Upper-case sublemma (Sarabaita at page VII.231, line 652)?
Upper-case sublemma (Sarabaides at page VII.231, line 652)?
Upper-case sublemma (Sarmatae at page VII.232, line 726)?
Upper-case sublemma (Sarmatas at page VII.232, line 726)?
Upper-case sublemma (Sauromatae at page VII.232, line 726)?
Upper-case sublemma (Saturnalibus at page VII.235, line 872)?
Upper-case sublemma (Saturnus pater at page VII.235, line 878)?
Upper-case sublemma (Saturnus at page VII.235, line 878)?
Upper-case sublemma (Saturni at page VII.235, line 878)?
Upper-case sublemma (Satirum at page VII.235, line 896)?
Upper-case sublemma (Satyri at page VII.235, line 896)?
Upper-case sublemma (Satiri at page VII.235, line 896)?
Upper-case sublemma (Saurom<at>ae at page VII.235, line 918)?
Lower-case lemma (mata) at page VII.241, line 1190?
Upper-case sublemma (Scyllam at page VII.247, line 1594)?
Upper-case sublemma (Scyllae at page VII.247, line 1594)?
Upper-case sublemma (Sculles at page VII.247, line 1594)?
Upper-case sublemma (Scitae at page VII.247, line 1606)?
Upper-case sublemma (Scyt<har>um at page VII.248, line 1606)?
Upper-case sublemma (Scytha at page VII.248, line 1606)?
Lower-case lemma (sequeris) at page VII.259, line 2306?
Upper-case sublemma (Sarapis at page VII.259, line 2316)?
Upper-case sublemma (Serapis at page VII.259, line 2316)?
Upper-case sublemma (Sapapis at page VII.259, line 2316)?
Upper-case sublemma (Serapis at page VII.259, line 2316)?
Upper-case sublemma (Seripho at page VII.259, line 2360)?
Upper-case sublemma (Se­cula at page VII.264, line 2636)?
Upper-case sublemma (Sidona at page VII.265, line 2680)?
Upper-case sublemma (Sicambra at page VII.265, line 2698)?
Upper-case sublemma (Amisus at page VII.272, line 3198)?
Upper-case sublemma (Sirenae at page VII.273, line 3246)?
Upper-case sublemma (Serenae at page VII.273, line 3246)?
Upper-case sublemma (Sirenae at page VII.273, line 3246)?
Upper-case sublemma (Sirenis at page VII.273, line 3246)?
Upper-case sublemma (Serenes at page VII.273, line 3246)?
Upper-case sublemma (Sirenas at page VII.273, line 3246)?
Upper-case sublemma (Soliar at page VII.277, line 3428)?
Upper-case sublemma (Spercheus at page VII.285, line 3882)?
Upper-case sublemma (Statura at page VII.292, line 4276)?
Upper-case sublemma (Stercena at page VII.292, line 4324)?
Lower-case lemma (stercidum) at page VII.293, line 4328?
Upper-case sublemma (Stragio at page VII.302, line 4812)?
Upper-case sublemma (Stygia at page VII.302, line 4812)?
Upper-case sublemma (Sudi<s> at page VII.312, line 5560)?
Upper-case sublemma (Super aethera at page VII.317, line 5876)?
Upper-case sublemma (Superintendo at page VII.318, line 5950)?
Adding XML attributes to C:\Users\adamg\cglo-git\XML/CGLO.21.T.xml
Upper-case sublemma (Taenaron at page VII.330, line 110)?
Upper-case sublemma (Taetritudo at page VII.330, line 122)?
Upper-case sublemma (Tanaim at page VII.332, line 200)?
Upper-case sublemma (Tartarum at page VII.334, line 296)?
Upper-case sublemma (Tauronia at page VII.334, line 316)?
Upper-case sublemma (Tauromentinium at page VII.334, line 316)?
Upper-case sublemma (Thersicore[m] at page VII.342, line 740)?
Upper-case sublemma (Tapsum at page VII.347, line 1002)?
Upper-case sublemma (Thebith at page VII.347, line 1012)?
Upper-case sublemma (Theophilum at page VII.347, line 1054)?
Upper-case sublemma (Termopilas at page VII.348, line 1086)?
Upper-case sublemma (Tracitas at page VII.349, line 1120)?
Upper-case sublemma (Tracas at page VII.349, line 1122)?
Upper-case sublemma (Thyesteas <cenas> at page VII.349, line 1130)?
Upper-case sublemma (Tiberi<s> at page VII.349, line 1166)?
Upper-case sublemma (Tiberis at page VII.349, line 1166)?
Upper-case sublemma (Tybris Tiberis at page VII.349, line 1166)?
Upper-case sublemma (Tyberius at page VII.349, line 1168)?
Upper-case sublemma (Tisifon<e> at page VII.351, line 1318)?
Upper-case sublemma (Titanes at page VII.352, line 1322)?
Lower-case lemma (pis) at page VII.359, line 1694?
Lower-case lemma (dragagantus) at page VII.360, line 1750?
Upper-case sublemma (Trallis at page VII.361, line 1792)?
Upper-case sublemma (Transmigratio at page VII.363, line 1924)?
Upper-case sublemma (Triginta at page VII.366, line 2180)?
Upper-case sublemma (Trepallus at page VII.367, line 2240)?
Upper-case sublemma (Triuiae at page VII.369, line 2334)?
Upper-case sublemma (Troiae urbs at page VII.369, line 2362)?
Upper-case sublemma (Tumultuator at page VII.373, line 2608)?
Upper-case sublemma (Turpifactor at page VII.376, line 2754)?
Upper-case sublemma (Tifon at page VII.377, line 2844)?
Upper-case sublemma (Tipo at page VII.377, line 2844)?
Upper-case sublemma (Tyfum at page VII.378, line 2844)?
Upper-case sublemma (Tyfonem at page VII.378, line 2844)?
Upper-case sublemma (Typho at page VII.378, line 2844)?
Upper-case sublemma (Tyrea at page VII.378, line 2866)?
Adding XML attributes to C:\Users\adamg\cglo-git\XML/CGLO.22.U.xml
Upper-case sublemma (Uniuersim at page VII.383, line 294)?
Adding XML attributes to C:\Users\adamg\cglo-git\XML/CGLO.23.V.xml
Lower-case lemma (uendidit) at page VII.399, line 552?
Upper-case sublemma (Ueneris at page VII.401, line 688)?
Upper-case sublemma (Uesta[s] at page VII.409, line 1070)?
Upper-case sublemma (Uestias at page VII.409, line 1070)?
Upper-case sublemma (Ueste at page VII.409, line 1070)?
Upper-case sublemma (Uestae at page VII.409, line 1072)?
Upper-case sublemma (Uestialia at page VII.409, line 1072)?
Upper-case sublemma (Uestitor at page VII.410, line 1118)?
Upper-case sublemma (Bacchi ueteris at page VII.411, line 1148)?
Upper-case sublemma (Uiscidum at page VII.422, line 1766)?
Upper-case sublemma (Uiscidus at page VII.422, line 1766)?
Lower-case lemma (gine) at page VII.425, line 1908?
Adding XML attributes to C:\Users\adamg\cglo-git\XML/CGLO.24.XYZ.xml
Upper-case sublemma (Yer at page VII.431, line 32)?
Adding XML attributes to C:\Users\adamg\cglo-git\XML/CGLO.25.corr-III.xml
Error: no <form> tag in paragraph at line 2
Error: no <form> tag in paragraph at line 4
Error: no <form> tag in paragraph at line 306
Error: no <form> tag in paragraph at line 360
Adding XML attributes to C:\Users\adamg\cglo-git\XML/CGLO.26.Graeco-Latinus.xml
Error: no <form> tag in paragraph at line 1056
Error: no <form> tag in paragraph at line 2394
Error: no <form> tag in paragraph at line 3990
Error: no <form> tag in paragraph at line 8168
Error: no <form> tag in paragraph at line 8266
Error: no <form> tag in paragraph at line 9344
Error: no <form> tag in paragraph at line 9700
Upper-case sublemma (Εἰλήθυια at page VII.506, line 10572)?
Error: no <form> tag in paragraph at line 10894
Error: no <form> tag in paragraph at line 10914
Error: no <form> tag in paragraph at line 11764
Error: no <form> tag in paragraph at line 12274
Error: no <form> tag in paragraph at line 12808
Error: no <form> tag in paragraph at line 14034
Error: no <form> tag in paragraph at line 14212
Upper-case sublemma (Ἔρως at page VII.528, line 14216)?
Upper-case sublemma (Ἑστία at page VII.528, line 14264)?
Error: no <form> tag in paragraph at line 14266
Error: no <form> tag in paragraph at line 14828
Error: no <form> tag in paragraph at line 14844
Error: no <form> tag in paragraph at line 15490
Upper-case sublemma (Καπιτ. at page VII.550, line 17696)?
Error: no <form> tag in paragraph at line 18612
Error: no <form> tag in paragraph at line 20558
Error: no <form> tag in paragraph at line 20828
Upper-case sublemma (Λήμνιος at page VII.571, line 21272)?
Error: no <form> tag in paragraph at line 21804
Error: no <form> tag in paragraph at line 22828
Error: no <form> tag in paragraph at line 25504
Error: no <form> tag in paragraph at line 25650
Error: no <form> tag in paragraph at line 27498
Error: no <form> tag in paragraph at line 27696
Error: no <form> tag in paragraph at line 27962
Error: no <form> tag in paragraph at line 28440
Error: no <form> tag in paragraph at line 28442
Upper-case sublemma (Πρίηπος at page VII.622, line 28968)?
Error: no <form> tag in paragraph at line 30368
Error: no <form> tag in paragraph at line 30424
Error: no <form> tag in paragraph at line 30560
Error: no <form> tag in paragraph at line 30570
Error: no <form> tag in paragraph at line 30616
Upper-case sublemma (Σέραπις at page VII.635, line 30994)?
Upper-case sublemma (Σειρῆναι at page VII.635, line 31082)?
Error: no <form> tag in paragraph at line 31130
Error: no <form> tag in paragraph at line 31264
Error: no <form> tag in paragraph at line 31786
Error: no <form> tag in paragraph at line 34334
Error: no <form> tag in paragraph at line 34394
Error: no <form> tag in paragraph at line 37766
Adding XML attributes to C:\Users\adamg\cglo-git\XML/CGLO.27.Anglosaxonicus.xml
Upper-case sublemma (EA at page VII.697, line 1136)?
Upper-case sublemma (E at page VII.711, line 3376)?
Adding XML attributes to C:\Users\adamg\cglo-git\XML/CGLO.28.Palaeotheodiscus.xml
Adding XML attributes to C:\Users\adamg\cglo-git\XML/CGLO.29.corr-IV.xml
Error: no <form> tag in paragraph at line 38
