INFO:root:Adding XML attributes to C:\Users\adamg\cglo-git\XML/CGLO.01.A.xml
INFO:root:Upper-case sublemma (Abes at page VI.10, line 568)?
INFO:root:Upper-case sublemma (Acherontes at page VI.17, line 918)?
INFO:root:Upper-case sublemma (Achiuis at page VI.17, line 922)?
INFO:root:Upper-case sublemma (Actio at page VI.19, line 1082)?
INFO:root:Upper-case sublemma (Acuminatus at page VI.20, line 1124)?
INFO:root:Upper-case sublemma (Adar zios (?) at page VI.21, line 1212)?
INFO:root:Lower-case lemma (adisse) at page VI.23, line 1302?
INFO:root:Upper-case sublemma (Adonius at page VI.27, line 1576)?
INFO:root:Upper-case sublemma (Adtesascondit at page VI.28, line 1670)?
INFO:root:Upper-case sublemma (Aeorus at page VI.33, line 1960)?
INFO:root:Upper-case sublemma (Hesculapius at page VI.36, line 2142)?
INFO:root:Upper-case sublemma (Aethiopes at page VI.38, line 2222)?
INFO:root:Upper-case sublemma (Aethiopes at page VI.38, line 2222)?
INFO:root:Upper-case sublemma (Aethon at page VI.38, line 2226)?
INFO:root:Upper-case sublemma (Aethon at page VI.38, line 2226)?
INFO:root:Lower-case lemma (adflictes) at page VI.41, line 2336?
INFO:root:Upper-case sublemma (Agrippas at page VI.46, line 2598)?
INFO:root:Upper-case sublemma (Allobrox at page VI.52, line 2992)?
INFO:root:Upper-case sublemma (Ambrox at page VI.52, line 2992)?
INFO:root:Upper-case sublemma (Adlobrus at page VI.52, line 2992)?
INFO:root:Upper-case sublemma (Allobroga at page VI.52, line 2992)?
INFO:root:Upper-case sublemma (Allobroges at page VI.53, line 2992)?
INFO:root:Upper-case sublemma (Alpis at page VI.54, line 3064)?
INFO:root:Upper-case sublemma (Alpes at page VI.54, line 3064)?
INFO:root:Upper-case sublemma (Amaryllida at page VI.58, line 3282)?
INFO:root:Upper-case sublemma (Amaryllidis at page VI.58, line 3282)?
INFO:root:Upper-case sublemma (Paphus at page VI.58, line 3288)?
INFO:root:Lower-case lemma (amblyopiae) at page VI.60, line 3370?
INFO:root:Upper-case sublemma (Aminei at page VI.62, line 3486)?
INFO:root:Upper-case sublemma (Amineae at page VI.62, line 3486)?
INFO:root:Upper-case sublemma (Amphitrites at page VI.64, line 3578)?
INFO:root:Upper-case sublemma (Amphitrides at page VI.64, line 3580)?
INFO:root:Lower-case lemma (amiterminus) at page VI.65, line 3642?
INFO:root:Upper-case sublemma (Amyclis at page VI.65, line 3658)?
INFO:root:Lower-case lemma (anagalico) at page VI.66, line 3694?
INFO:root:Lower-case lemma (sarina) at page VI.74, line 4188?
INFO:root:Upper-case sublemma (A. at page VI.76, line 4392)?
INFO:root:Upper-case sublemma (Antinoo at page VI.76, line 4392)?
INFO:root:Lower-case lemma (amtorbato) at page VI.78, line 4450?
INFO:root:Upper-case sublemma (Anubin at page VI.78, line 4456)?
INFO:root:Upper-case sublemma (Afrodisios at page VI.80, line 4580)?
INFO:root:Upper-case sublemma (Apocope at page VI.81, line 4638)?
INFO:root:Upper-case sublemma (Apollonaria at page VI.81, line 4654)?
INFO:root:Lower-case lemma (aptare) at page VI.85, line 4894?
INFO:root:Upper-case sublemma (Arcendis at page VI.89, line 5180)?
INFO:root:Upper-case sublemma (Argiuis at page VI.93, line 5398)?
INFO:root:Upper-case sublemma (Argi at page VI.93, line 5398)?
INFO:root:Upper-case sublemma (Arui at page VI.93, line 5398)?
INFO:root:Upper-case sublemma (Argis at page VI.93, line 5398)?
INFO:root:Upper-case sublemma (Argolicam at page VI.93, line 5402)?
INFO:root:Upper-case sublemma (Argolici at page VI.93, line 5402)?
INFO:root:Upper-case sublemma (Argolicas at page VI.93, line 5402)?
INFO:root:Upper-case sublemma (Afestotiles at page VI.95, line 5486)?
INFO:root:Upper-case sublemma (Afestitolis at page VI.95, line 5486)?
INFO:root:Lower-case lemma (adsciueri<t>) at page VI.102, line 5868?
INFO:root:Upper-case sublemma (Assia at page VI.102, line 5894)?
INFO:root:Upper-case sublemma (Asia at page VI.102, line 5894)?
INFO:root:Upper-case sublemma (Assiani at page VI.102, line 5896)?
INFO:root:Upper-case sublemma (Atarna at page VI.108, line 6292)?
INFO:root:Upper-case sublemma (Atellani at page VI.108, line 6304)?
INFO:root:Upper-case sublemma (Aruncus at page VI.118, line 6816)?
INFO:root:Upper-case sublemma (Auxinium at page VI.118, line 6834)?
INFO:root:Upper-case sublemma (Auer at page VI.120, line 6958)?
INFO:root:Lower-case lemma (num) at page VI.121, line 6960?
INFO:root:Upper-case sublemma (Auerni at page VI.121, line 6960)?
INFO:root:Upper-case sublemma (Auerno at page VI.121, line 6960)?
INFO:root:Upper-case sublemma (Auerno at page VI.121, line 6960)?
INFO:root:Adding XML attributes to C:\Users\adamg\cglo-git\XML/CGLO.02.B.xml
INFO:root:Upper-case sublemma (Babylonia at page VI.123, line 20)?
INFO:root:Upper-case sublemma (Babylonius at page VI.123, line 20)?
INFO:root:Upper-case sublemma (Babil at page VI.123, line 20)?
INFO:root:Upper-case sublemma (Babylona at page VI.123, line 22)?
INFO:root:Upper-case sublemma (Babylonia at page VI.123, line 22)?
INFO:root:Upper-case sublemma (Bacchi latex at page VI.124, line 60)?
INFO:root:Upper-case sublemma (Bacchi ueteris at page VI.124, line 62)?
INFO:root:Upper-case sublemma (Baccum at page VI.125, line 72)?
INFO:root:Upper-case sublemma (Baiae, Cumae at page VI.125, line 124)?
INFO:root:Upper-case sublemma (Barciae at page VI.129, line 308)?
INFO:root:Upper-case sublemma (Balcei at page VI.129, line 308)?
INFO:root:Upper-case sublemma (Biarces at page VI.129, line 308)?
INFO:root:Upper-case sublemma (Bardes at page VI.129, line 316)?
INFO:root:Upper-case sublemma (Babricaus at page VI.133, line 498)?
INFO:root:Upper-case sublemma (Belis at page VI.134, line 520)?
INFO:root:Upper-case sublemma (Berencia at page VI.137, line 744)?
INFO:root:Upper-case sublemma (Bistoniae at page VI.144, line 1054)?
INFO:root:Adding XML attributes to C:\Users\adamg\cglo-git\XML/CGLO.03.C.xml
INFO:root:Upper-case sublemma (Calchantem at page VI.166, line 380)?
INFO:root:Upper-case sublemma (Calliope at page VI.169, line 526)?
INFO:root:Upper-case sublemma (Cantabri at page VI.174, line 840)?
INFO:root:Upper-case sublemma (Kasleu at page VI.185, line 1402)?
INFO:root:Upper-case sublemma (Casleu at page VI.185, line 1402)?
INFO:root:Upper-case sublemma (Cassiepia at page VI.186, line 1444)?
INFO:root:Upper-case sublemma (Pollux at page VI.187, line 1488)?
INFO:root:Upper-case sublemma (Catamiti at page VI.188, line 1550)?
INFO:root:Upper-case sublemma (Cataphrygarum at page VI.189, line 1562)?
INFO:root:Upper-case sublemma (Cathis at page VI.191, line 1658)?
INFO:root:Upper-case sublemma (Celeus at page VI.196, line 1924)?
INFO:root:Upper-case sublemma (Centurum at page VI.199, line 2036)?
INFO:root:Upper-case sublemma (Cerunia at page VI.200, line 2138)?
INFO:root:Upper-case sublemma (Cerealia at page VI.201, line 2160)?
INFO:root:Upper-case sublemma (Cereris at page VI.201, line 2176)?
INFO:root:Upper-case sublemma (Cererem at page VI.201, line 2176)?
INFO:root:Upper-case sublemma (Cerere at page VI.201, line 2176)?
INFO:root:Upper-case sublemma (Cymira at page VI.208, line 2478)?
INFO:root:Upper-case sublemma (Chimaera at page VI.208, line 2478)?
INFO:root:Upper-case sublemma (Enceladus at page VI.208, line 2506)?
INFO:root:Upper-case sublemma (Cicerones at page VI.210, line 2618)?
INFO:root:Upper-case sublemma (Cimbri at page VI.212, line 2690)?
INFO:root:Upper-case sublemma (Clarius at page VI.219, line 3216)?
INFO:root:Upper-case sublemma (Clato at page VI.224, line 3418)?
INFO:root:Upper-case sublemma (Cludidenus at page VI.224, line 3422)?
INFO:root:Upper-case sublemma (Cocitus at page VI.226, line 3600)?
INFO:root:Upper-case sublemma (Cocuetus at page VI.226, line 3600)?
INFO:root:Upper-case sublemma (Cocytos amnes at page VI.226, line 3600)?
INFO:root:Lower-case lemma (cho<r>s militum) at page VI.229, line 3718?
INFO:root:Lower-case lemma (ludit) at page VI.232, line 3920?
INFO:root:Lower-case lemma (ducere) at page VI.253, line 5078?
INFO:root:Lower-case lemma (congermaniscere) at page VI.257, line 5322?
INFO:root:Lower-case lemma (congregat) at page VI.258, line 5368?
INFO:root:Lower-case lemma (iecturam) at page VI.259, line 5414?
INFO:root:Lower-case lemma (consentiunt) at page VI.262, line 5602?
INFO:root:Lower-case lemma (consuetudinem) at page VI.266, line 5814?
INFO:root:Upper-case sublemma (Conso at page VI.267, line 5880)?
INFO:root:Upper-case sublemma (Cossus at page VI.267, line 5880)?
INFO:root:Lower-case lemma (controuersiae) at page VI.272, line 6126?
INFO:root:Lower-case lemma (uicta) at page VI.275, line 6290?
INFO:root:Upper-case sublemma (Cory[m]bantes at page VI.281, line 6712)?
INFO:root:Upper-case sublemma (Corybantes at page VI.281, line 6712)?
INFO:root:Upper-case sublemma (Creta at page VI.287, line 6990)?
INFO:root:Lower-case lemma (tior) at page VI.288, line 7054?
INFO:root:Upper-case sublemma (Crustumia at page VI.290, line 7210)?
INFO:root:Upper-case sublemma (Cybeles at page VI.300, line 7712)?
INFO:root:Upper-case sublemma (Celides at page VI.300, line 7712)?
INFO:root:Upper-case sublemma (Cycladas at page VI.300, line 7720)?
INFO:root:Upper-case sublemma (Cyclopes at page VI.300, line 7728)?
INFO:root:Upper-case sublemma (Cidnus at page VI.300, line 7738)?
INFO:root:Upper-case sublemma (Cyllenus at page VI.301, line 7752)?
INFO:root:Upper-case sublemma (Cyllenius at page VI.301, line 7752)?
INFO:root:Upper-case sublemma (Cynthiam at page VI.302, line 7788)?
INFO:root:Upper-case sublemma (Cynthius at page VI.302, line 7790)?
INFO:root:Upper-case sublemma (Cyprum at page VI.302, line 7814)?
INFO:root:Adding XML attributes to C:\Users\adamg\cglo-git\XML/CGLO.04.D.xml
INFO:root:Upper-case sublemma (Damascena at page VI.303, line 50)?
INFO:root:Lower-case lemma (dammam) at page VI.304, line 72?
INFO:root:Upper-case sublemma (Damotretas at page VI.304, line 102)?
INFO:root:Upper-case sublemma (Danai at page VI.304, line 106)?
INFO:root:Upper-case sublemma (Daphnis at page VI.304, line 122)?
INFO:root:Upper-case sublemma (Dardani at page VI.305, line 138)?
INFO:root:Upper-case sublemma (Dau[n]um at page VI.305, line 184)?
INFO:root:Lower-case lemma (docet) at page VI.312, line 578?
INFO:root:Lower-case lemma (monstrat) at page VI.322, line 1226?
INFO:root:Lower-case lemma (despectare) at page VI.331, line 1826?
INFO:root:Lower-case lemma (dixerunt) at page VI.340, line 2326?
INFO:root:Upper-case sublemma (Dionesius at page VI.347, line 2806)?
INFO:root:Upper-case sublemma (Dircaea at page VI.347, line 2846)?
INFO:root:Upper-case sublemma (Dis at page VI.352, line 3134)?
INFO:root:Upper-case sublemma (Ditis at page VI.352, line 3134)?
INFO:root:Upper-case sublemma (Ditis pater at page VI.352, line 3134)?
INFO:root:Upper-case sublemma (Ditis at page VI.352, line 3134)?
INFO:root:Upper-case sublemma (Ditis at page VI.352, line 3134)?
INFO:root:Upper-case sublemma (Diespiter, Ditis at page VI.352, line 3134)?
INFO:root:Upper-case sublemma (Dispater at page VI.352, line 3134)?
INFO:root:Upper-case sublemma (Dispater at page VI.352, line 3134)?
INFO:root:Upper-case sublemma (Despiter at page VI.352, line 3134)?
INFO:root:Upper-case sublemma (Dium <D>ius at page VI.357, line 3468)?
INFO:root:Upper-case sublemma (Dorica at page VI.364, line 3832)?
INFO:root:Upper-case sublemma (Dorica castra at page VI.364, line 3832)?
INFO:root:Upper-case sublemma (Doris at page VI.365, line 3834)?
INFO:root:Upper-case sublemma (Duis at page VI.368, line 4044)?
INFO:root:Adding XML attributes to C:\Users\adamg\cglo-git\XML/CGLO.05.E.xml
INFO:root:Upper-case sublemma (Equidem at page VI.371, line 4)?
INFO:root:Upper-case sublemma (Edoni at page VI.374, line 188)?
INFO:root:Upper-case sublemma (Elissae at page VI.381, line 626)?
INFO:root:Upper-case sublemma (Elysium Elysi at page VI.383, line 730)?
INFO:root:Upper-case sublemma (Elysios campos at page VI.383, line 732)?
INFO:root:Upper-case sublemma (Elysios at page VI.383, line 732)?
INFO:root:Upper-case sublemma (Eos at page VI.391, line 1184)?
INFO:root:Upper-case sublemma (Manasse at page VI.392, line 1220)?
INFO:root:Upper-case sublemma (Effrem at page VI.392, line 1220)?
INFO:root:Lower-case lemma (epicroca) at page VI.393, line 1244?
INFO:root:Upper-case sublemma (Epicureorum at page VI.393, line 1246)?
INFO:root:Upper-case sublemma (Epicur[i]us at page VI.393, line 1248)?
INFO:root:Upper-case sublemma (Erebi at page VI.396, line 1468)?
INFO:root:Upper-case sublemma (Eridanus fluuius at page VI.398, line 1536)?
INFO:root:Upper-case sublemma (Erunis at page VI.398, line 1552)?
INFO:root:Upper-case sublemma (Erinae at page VI.398, line 1552)?
INFO:root:Upper-case sublemma (Eritium at page VI.398, line 1556)?
INFO:root:Upper-case sublemma (Erulorum at page VI.399, line 1648)?
INFO:root:Upper-case sublemma (Etrusci at page VI.402, line 1800)?
INFO:root:Upper-case sublemma (Euan at page VI.402, line 1818)?
INFO:root:Upper-case sublemma (Eumenidum at page VI.402, line 1850)?
INFO:root:Upper-case sublemma (Eumenidus at page VI.402, line 1850)?
INFO:root:Upper-case sublemma (Eumenidum at page VI.402, line 1850)?
INFO:root:Upper-case sublemma (Europa, Asia at page VI.403, line 1886)?
INFO:root:Upper-case sublemma (Africa at page VI.403, line 1886)?
INFO:root:Upper-case sublemma (Eridanus at page VI.403, line 1890)?
INFO:root:Upper-case sublemma (Exechus at page VI.411, line 2414)?
INFO:root:Lower-case lemma (eximus) at page VI.412, line 2444?
INFO:root:Lower-case lemma (tendit) at page VI.425, line 3194?
INFO:root:Adding XML attributes to C:\Users\adamg\cglo-git\XML/CGLO.06.F.xml
INFO:root:Upper-case sublemma (Faecula at page VI.432, line 208)?
INFO:root:Upper-case sublemma (Faen- at page VI.432, line 214)?
INFO:root:Upper-case sublemma (Psyllii at page VI.436, line 432)?
INFO:root:Upper-case sublemma (Faonum at page VI.439, line 608)?
INFO:root:Upper-case sublemma (Fauni at page VI.439, line 608)?
INFO:root:Upper-case sublemma (Fauni at page VI.439, line 608)?
INFO:root:Upper-case sublemma (Februarium at page VI.441, line 688)?
INFO:root:Lower-case lemma (femora) at page VI.443, line 772?
INFO:root:Lower-case lemma (fidelem) at page VI.450, line 1140?
INFO:root:Upper-case sublemma (Flamicus at page VI.456, line 1478)?
INFO:root:Upper-case sublemma (Famicus at page VI.456, line 1478)?
INFO:root:Lower-case lemma (mebant) at page VI.468, line 2202?
INFO:root:Upper-case sublemma (Sagaris at page VI.473, line 2502)?
INFO:root:Upper-case sublemma (Furiae at page VI.478, line 2784)?
INFO:root:Upper-case sublemma (Furias at page VI.478, line 2784)?
INFO:root:Adding XML attributes to C:\Users\adamg\cglo-git\XML/CGLO.07.G.xml
INFO:root:Lower-case lemma (gessa) at page VI.481, line 26?
INFO:root:Upper-case sublemma (Gaetuli at page VI.481, line 32)?
INFO:root:Upper-case sublemma (Gaetulis at page VI.481, line 32)?
INFO:root:Upper-case sublemma (Galacteam at page VI.481, line 52)?
INFO:root:Upper-case sublemma (Gallicanorum at page VI.482, line 110)?
INFO:root:Upper-case sublemma (Gantes at page VI.483, line 188)?
INFO:root:Upper-case sublemma (Ganimedis at page VI.484, line 204)?
INFO:root:Lower-case lemma (dium) at page VI.485, line 256?
INFO:root:Upper-case sublemma (Gehenna at page VI.485, line 294)?
INFO:root:Upper-case sublemma (Getae at page VI.492, line 638)?
INFO:root:Upper-case sublemma (Geti at page VI.492, line 638)?
INFO:root:Upper-case sublemma (Getae at page VI.492, line 638)?
INFO:root:Upper-case sublemma (Glaucus at page VI.495, line 788)?
INFO:root:Upper-case sublemma (Glycerium at page VI.497, line 916)?
INFO:root:Upper-case sublemma (Gnosia at page VI.498, line 966)?
INFO:root:Upper-case sublemma (Gurgas at page VI.499, line 998)?
INFO:root:Upper-case sublemma (Gorgoni at page VI.499, line 998)?
INFO:root:Upper-case sublemma (Gorgones at page VI.499, line 998)?
INFO:root:Upper-case sublemma (Gradiuum patrem at page VI.499, line 1042)?
INFO:root:Upper-case sublemma (Gradiuus at page VI.499, line 1042)?
INFO:root:Upper-case sublemma (Graecum at page VI.500, line 1064)?
INFO:root:Upper-case sublemma (Graeci at page VI.500, line 1064)?
INFO:root:Upper-case sublemma (Graeci at page VI.500, line 1064)?
INFO:root:Upper-case sublemma (Graecorum at page VI.500, line 1064)?
INFO:root:Upper-case sublemma (Graecos at page VI.500, line 1064)?
INFO:root:Upper-case sublemma (Grai at page VI.500, line 1076)?
INFO:root:Upper-case sublemma (Graiae at page VI.500, line 1076)?
INFO:root:Upper-case sublemma (Graiorum at page VI.500, line 1076)?
INFO:root:Upper-case sublemma (Grados at page VI.500, line 1076)?
INFO:root:Upper-case sublemma (Gratiae deae at page VI.502, line 1204)?
INFO:root:Lower-case lemma (gratificare) at page VI.503, line 1224?
INFO:root:Upper-case sublemma (Grina at page VI.505, line 1332)?
INFO:root:Upper-case sublemma (Grina at page VI.506, line 1390)?
INFO:root:Adding XML attributes to C:\Users\adamg\cglo-git\XML/CGLO.08.H.xml
INFO:root:Upper-case sublemma (Aides at page VI.510, line 62)?
INFO:root:Upper-case sublemma (Aiden at page VI.510, line 62)?
INFO:root:Upper-case sublemma (Ade at page VI.510, line 62)?
INFO:root:Upper-case sublemma (Adeo at page VI.510, line 62)?
INFO:root:Upper-case sublemma (Heumenia at page VI.511, line 94)?
INFO:root:Upper-case sublemma (Ca<r>poforos at page VI.511, line 106)?
INFO:root:Upper-case sublemma (Hamio at page VI.512, line 148)?
INFO:root:Upper-case sublemma (Harpyae at page VI.513, line 186)?
INFO:root:Upper-case sublemma (Ebruum at page VI.515, line 332)?
INFO:root:Upper-case sublemma (Hellespontum at page VI.516, line 374)?
INFO:root:Upper-case sublemma (Herculus at page VI.517, line 488)?
INFO:root:Upper-case sublemma (Hermes at page VI.518, line 522)?
INFO:root:Upper-case sublemma (Hermon at page VI.518, line 532)?
INFO:root:Upper-case sublemma (Hesperiam at page VI.519, line 568)?
INFO:root:Upper-case sublemma (Iesferos at page VI.519, line 574)?
INFO:root:Upper-case sublemma (Hiber at page VI.520, line 624)?
INFO:root:Upper-case sublemma (Hiberia at page VI.520, line 624)?
INFO:root:Upper-case sublemma (Hirnia at page VI.522, line 776)?
INFO:root:Upper-case sublemma (Hosirim at page VI.528, line 1070)?
INFO:root:Upper-case sublemma (Horum at page VI.528, line 1070)?
INFO:root:Upper-case sublemma (Yblaeae at page VI.531, line 1232)?
INFO:root:Upper-case sublemma (Ircanum at page VI.533, line 1342)?
INFO:root:Adding XML attributes to C:\Users\adamg\cglo-git\XML/CGLO.09.I.xml
INFO:root:Upper-case sublemma (Ianiculum at page VI.535, line 100)?
INFO:root:Upper-case sublemma (Februarius at page VI.535, line 120)?
INFO:root:Upper-case sublemma (Martius at page VI.535, line 120)?
INFO:root:Upper-case sublemma (Aprilis at page VI.535, line 120)?
INFO:root:Upper-case sublemma (Maius at page VI.535, line 120)?
INFO:root:Upper-case sublemma (Iunius at page VI.535, line 120)?
INFO:root:Upper-case sublemma (Iulius at page VI.535, line 120)?
INFO:root:Upper-case sublemma (Augustus at page VI.535, line 120)?
INFO:root:Upper-case sublemma (Septem­ber at page VI.535, line 120)?
INFO:root:Upper-case sublemma (October at page VI.535, line 120)?
INFO:root:Upper-case sublemma (Nouember at page VI.535, line 120)?
INFO:root:Upper-case sublemma (Iliaci at page VI.540, line 366)?
INFO:root:Upper-case sublemma (Iliacas at page VI.540, line 366)?
INFO:root:Upper-case sublemma (Iliacis at page VI.540, line 366)?
INFO:root:Upper-case sublemma (Ilibus at page VI.540, line 366)?
INFO:root:Upper-case sublemma (Iliacus at page VI.540, line 366)?
INFO:root:Lower-case lemma (imbuere) at page VI.544, line 610?
INFO:root:Upper-case sublemma (Incuba at page VI.561, line 1784)?
INFO:root:Upper-case sublemma (Incibus at page VI.561, line 1786)?
INFO:root:Upper-case sublemma (Incuu at page VI.561, line 1786)?
INFO:root:Lower-case lemma (indole) at page VI.566, line 2100?
INFO:root:Lower-case lemma (inhibere) at page VI.578, line 2858?
INFO:root:Lower-case lemma (institutores) at page VI.589, line 3696?
INFO:root:Upper-case sublemma (Intenti at page VI.592, line 3888)?
INFO:root:Upper-case sublemma (Ieortasticai at page VI.603, line 4658)?
INFO:root:Upper-case sublemma (Inormes at page VI.603, line 4658)?
INFO:root:Upper-case sublemma (Hiopadis at page VI.603, line 4672)?
INFO:root:Upper-case sublemma (Ioui barba at page VI.603, line 4692)?
INFO:root:Upper-case sublemma (Iouis b. at page VI.603, line 4692)?
INFO:root:Upper-case sublemma (Isciscitari at page VI.606, line 4892)?
INFO:root:Upper-case sublemma (Ister Dacus at page VI.607, line 4922)?
INFO:root:Upper-case sublemma (Isaurum at page VI.607, line 4922)?
INFO:root:Upper-case sublemma (Itarum at page VI.607, line 4922)?
INFO:root:Upper-case sublemma (Iturae<i> arcus at page VI.608, line 5018)?
INFO:root:Upper-case sublemma (Iulium at page VI.610, line 5140)?
INFO:root:Lower-case lemma (ceas) at page VI.611, line 5154?
INFO:root:Upper-case sublemma (Iunonis at page VI.611, line 5186)?
INFO:root:Upper-case sublemma (Iouis at page VI.611, line 5198)?
INFO:root:Upper-case sublemma (Iouis at page VI.611, line 5198)?
INFO:root:Upper-case sublemma (Iouis at page VI.611, line 5198)?
INFO:root:Upper-case sublemma (Iuppres at page VI.611, line 5198)?
INFO:root:Upper-case sublemma (Iouis at page VI.611, line 5198)?
INFO:root:Upper-case sublemma (Ioui at page VI.611, line 5198)?
INFO:root:Upper-case sublemma (Iouem at page VI.611, line 5198)?
INFO:root:Upper-case sublemma (Ioue at page VI.611, line 5198)?
INFO:root:Upper-case sublemma (Iuppiter at page VI.611, line 5198)?
INFO:root:Upper-case sublemma (Diuturna at page VI.613, line 5328)?
INFO:root:Upper-case sublemma (Iuturna at page VI.613, line 5328)?
INFO:root:Upper-case sublemma (Iuueuta[ti]s at page VI.614, line 5358)?
INFO:root:Adding XML attributes to C:\Users\adamg\cglo-git\XML/CGLO.10.K.xml
INFO:root:Error: no <form> tag in paragraph at line 8
INFO:root:Adding XML attributes to C:\Users\adamg\cglo-git\XML/CGLO.11.L.xml
INFO:root:Upper-case sublemma (Lacos at page VI.618, line 122)?
INFO:root:Upper-case sublemma (Laestrigones at page VI.620, line 218)?
INFO:root:Upper-case sublemma (Lamia at page VI.621, line 284)?
INFO:root:Upper-case sublemma (Lamiae at page VI.621, line 284)?
INFO:root:Upper-case sublemma (Lapitus at page VI.625, line 466)?
INFO:root:Upper-case sublemma (P[i]thia at page VI.626, line 558)?
INFO:root:Upper-case sublemma (Latinum at page VI.628, line 696)?
INFO:root:Upper-case sublemma (Latini at page VI.628, line 696)?
INFO:root:Upper-case sublemma (Leini at page VI.629, line 696)?
INFO:root:Upper-case sublemma (Latini at page VI.629, line 696)?
INFO:root:Upper-case sublemma (Latinum at page VI.629, line 708)?
INFO:root:Upper-case sublemma (Latio at page VI.629, line 708)?
INFO:root:Upper-case sublemma (Latreusis at page VI.629, line 726)?
INFO:root:Upper-case sublemma (Laurentem at page VI.630, line 796)?
INFO:root:Upper-case sublemma (Lauriola at page VI.630, line 814)?
INFO:root:Lower-case lemma (runt) at page VI.632, line 872?
INFO:root:Upper-case sublemma (Lepos at page VI.637, line 1186)?
INFO:root:Upper-case sublemma (Lethaeo at page VI.638, line 1226)?
INFO:root:Upper-case sublemma (Lethe[s] at page VI.638, line 1232)?
INFO:root:Upper-case sublemma (Liber at page VI.640, line 1350)?
INFO:root:Upper-case sublemma (Liberum at page VI.640, line 1350)?
INFO:root:Upper-case sublemma (Libero at page VI.640, line 1350)?
INFO:root:Upper-case sublemma (Lilybaeum at page VI.642, line 1408)?
INFO:root:Upper-case sublemma (Limpe at page VI.642, line 1432)?
INFO:root:Upper-case sublemma (Liburni at page VI.643, line 1434)?
INFO:root:Upper-case sublemma (Liburnae at page VI.643, line 1434)?
INFO:root:Upper-case sublemma (Libyae at page VI.643, line 1440)?
INFO:root:Upper-case sublemma (Libyci at page VI.643, line 1444)?
INFO:root:Upper-case sublemma (Libycos at page VI.643, line 1444)?
INFO:root:Upper-case sublemma (Licinia at page VI.643, line 1478)?
INFO:root:Upper-case sublemma (Libya at page VI.644, line 1496)?
INFO:root:Upper-case sublemma (Lilibeus at page VI.645, line 1600)?
INFO:root:Lower-case lemma (locauerim) at page VI.653, line 2008?
INFO:root:Upper-case sublemma (Lubrica at page VI.655, line 2162)?
INFO:root:Upper-case sublemma (Lucetius at page VI.656, line 2200)?
INFO:root:Upper-case sublemma (Diana lucifera at page VI.657, line 2228)?
INFO:root:Upper-case sublemma (Lucinam at page VI.657, line 2238)?
INFO:root:Lower-case lemma (lucubrauimus) at page VI.658, line 2290?
INFO:root:Upper-case sublemma (Luna at page VI.660, line 2422)?
INFO:root:Upper-case sublemma (Lupercalia at page VI.661, line 2470)?
INFO:root:Upper-case sublemma (Lyaeum at page VI.664, line 2620)?
INFO:root:Adding XML attributes to C:\Users\adamg\cglo-git\XML/CGLO.12.M.xml
INFO:root:Upper-case sublemma (Maeandrus at page VI.667, line 124)?
INFO:root:Upper-case sublemma (Maeandrum at page VI.667, line 124)?
INFO:root:Upper-case sublemma (Meotides at page VI.668, line 142)?
INFO:root:Upper-case sublemma (Maiae genitum at page VI.670, line 282)?
INFO:root:Lower-case lemma (manducas) at page VI.676, line 612?
INFO:root:Lower-case lemma (liae (!)) at page VI.680, line 826?
INFO:root:Upper-case sublemma (Mapponus at page VI.680, line 830)?
INFO:root:Upper-case sublemma (Marillis at page VI.681, line 904)?
INFO:root:Upper-case sublemma (Ares at page VI.682, line 958)?
INFO:root:Upper-case sublemma (Arius at page VI.682, line 958)?
INFO:root:Upper-case sublemma (Mar[i]s at page VI.682, line 958)?
INFO:root:Upper-case sublemma (Mars Martis at page VI.682, line 958)?
INFO:root:Upper-case sublemma (Martis at page VI.682, line 958)?
INFO:root:Upper-case sublemma (Martem at page VI.682, line 958)?
INFO:root:Upper-case sublemma (Mars<us> at page VI.682, line 976)?
INFO:root:Upper-case sublemma (Marsi at page VI.682, line 976)?
INFO:root:Upper-case sublemma (Marsorum at page VI.682, line 976)?
INFO:root:Upper-case sublemma (Martium at page VI.682, line 990)?
INFO:root:Lower-case lemma (matla) at page VI.685, line 1142?
INFO:root:Upper-case sublemma (Mauortia at page VI.685, line 1182)?
INFO:root:Upper-case sublemma (Maiurohd at page VI.686, line 1204)?
INFO:root:Lower-case lemma (medicinalium) at page VI.687, line 1280?
INFO:root:Upper-case sublemma (Melopeum at page VI.689, line 1470)?
INFO:root:Upper-case sublemma (Memnonis at page VI.690, line 1508)?
INFO:root:Upper-case sublemma (Sextilis at page VI.692, line 1594)?
INFO:root:Upper-case sublemma (Policletes at page VI.693, line 1662)?
INFO:root:Upper-case sublemma (Mercuride at page VI.695, line 1724)?
INFO:root:Upper-case sublemma (Mercurii at page VI.695, line 1726)?
INFO:root:Upper-case sublemma (Mercurium at page VI.695, line 1726)?
INFO:root:Upper-case sublemma (Mesgus at page VI.696, line 1820)?
INFO:root:Upper-case sublemma (Micipsae at page VI.698, line 1938)?
INFO:root:Lower-case lemma (mus) at page VI.699, line 1942?
INFO:root:Upper-case sublemma (Milissae at page VI.699, line 1974)?
INFO:root:Upper-case sublemma (Milisiae at page VI.699, line 1974)?
INFO:root:Upper-case sublemma (Musiae at page VI.699, line 1974)?
INFO:root:Upper-case sublemma (Minerualia at page VI.700, line 2058)?
INFO:root:Upper-case sublemma (Minerualicium at page VI.700, line 2060)?
INFO:root:Lower-case lemma (molit) at page VI.708, line 2532?
INFO:root:Upper-case sublemma (Molossi at page VI.708, line 2536)?
INFO:root:Upper-case sublemma (Molosos at page VI.708, line 2536)?
INFO:root:Upper-case sublemma (Mulciuer at page VI.714, line 2878)?
INFO:root:Upper-case sublemma (Mulcifer at page VI.714, line 2878)?
INFO:root:Upper-case sublemma (Musae at page VI.720, line 3202)?
INFO:root:Upper-case sublemma (Musarum at page VI.720, line 3202)?
INFO:root:Upper-case sublemma (Mycenas at page VI.723, line 3390)?
INFO:root:Upper-case sublemma (Metenas at page VI.723, line 3390)?
INFO:root:Upper-case sublemma (Metentus at page VI.723, line 3390)?
INFO:root:Upper-case sublemma (Myrum at page VI.723, line 3418)?
INFO:root:Adding XML attributes to C:\Users\adamg\cglo-git\XML/CGLO.13.N.xml
INFO:root:Upper-case sublemma (Naiadas at page VI.724, line 30)?
INFO:root:Upper-case sublemma (Naides at page VI.724, line 32)?
INFO:root:Lower-case lemma (nardum) at page VI.726, line 96?
INFO:root:Upper-case sublemma (Naricia at page VI.726, line 104)?
INFO:root:Upper-case sublemma (Nareus at page VI.730, line 314)?
INFO:root:Upper-case sublemma (Neptunalia at page VI.735, line 576)?
INFO:root:Upper-case sublemma (Nerais Neraida at page VI.736, line 624)?
INFO:root:Upper-case sublemma (Nereides at page VI.736, line 624)?
INFO:root:Upper-case sublemma (Nere (!) at page VI.736, line 624)?
INFO:root:Upper-case sublemma (Nerea at page VI.736, line 626)?
INFO:root:Upper-case sublemma (Nerus at page VI.736, line 628)?
INFO:root:Upper-case sublemma (Nurus at page VI.736, line 628)?
INFO:root:Upper-case sublemma (Neryntos at page VI.736, line 632)?
INFO:root:Lower-case lemma (nominate) at page VI.743, line 1022?
INFO:root:Upper-case sublemma (Borios at page VI.745, line 1252)?
INFO:root:Lower-case lemma (nebile) at page VI.748, line 1394?
INFO:root:Adding XML attributes to C:\Users\adamg\cglo-git\XML/CGLO.14.corr-II.xml
INFO:root:Adding XML attributes to C:\Users\adamg\cglo-git\XML/CGLO.15.corr-I.xml
INFO:root:Adding XML attributes to C:\Users\adamg\cglo-git\XML/CGLO.16.O.xml
INFO:root:Lower-case lemma (quat) at page VII.4, line 172?
INFO:root:Upper-case sublemma (Iobseta at page VII.8, line 410)?
INFO:root:Upper-case sublemma (Obsoletatus at page VII.8, line 418)?
INFO:root:Upper-case sublemma (Ocianos at page VII.14, line 762)?
INFO:root:Upper-case sublemma (Oceanum at page VII.14, line 762)?
INFO:root:Upper-case sublemma (Odo at page VII.15, line 840)?
INFO:root:Upper-case sublemma (Oedeppia at page VII.16, line 884)?
INFO:root:Upper-case sublemma (Oethepia at page VII.16, line 884)?
INFO:root:Upper-case sublemma (Offensitans at page VII.17, line 928)?
INFO:root:Upper-case sublemma (Olia at page VII.19, line 1082)?
INFO:root:Upper-case sublemma (Olympum at page VII.20, line 1148)?
INFO:root:Lower-case lemma (opacant) at page VII.23, line 1274?
INFO:root:Upper-case sublemma (Opeseca at page VII.23, line 1332)?
INFO:root:Upper-case sublemma (Opinate at page VII.24, line 1364)?
INFO:root:Upper-case sublemma (Opinato at page VII.24, line 1364)?
INFO:root:Upper-case sublemma (Opis at page VII.27, line 1500)?
INFO:root:Upper-case sublemma (Ops, Opi\[u\]s at page VII.27, line 1500)?
INFO:root:Upper-case sublemma (Ops at page VII.27, line 1500)?
INFO:root:Upper-case sublemma (Orientales at page VII.31, line 1726)?
INFO:root:Upper-case sublemma (Orio at page VII.32, line 1744)?
INFO:root:Upper-case sublemma (Orion at page VII.32, line 1744)?
INFO:root:Upper-case sublemma (Oriona at page VII.32, line 1744)?
INFO:root:Upper-case sublemma (Horonte at page VII.33, line 1790)?
INFO:root:Adding XML attributes to C:\Users\adamg\cglo-git\XML/CGLO.17.P.xml
INFO:root:Upper-case sublemma (Hermus at page VII.37, line 56)?
INFO:root:Upper-case sublemma (Tagus at page VII.37, line 56)?
INFO:root:Upper-case sublemma (Pagus at page VII.37, line 66)?
INFO:root:Upper-case sublemma (Palex at page VII.40, line 178)?
INFO:root:Upper-case sublemma (Panas at page VII.42, line 302)?
INFO:root:Upper-case sublemma (Pantagia at page VII.45, line 414)?
INFO:root:Upper-case sublemma (Pafos at page VII.45, line 458)?
INFO:root:Upper-case sublemma (Pafus at page VII.45, line 458)?
INFO:root:Upper-case sublemma (Parcae at page VII.47, line 568)?
INFO:root:Upper-case sublemma (Parcas at page VII.47, line 568)?
INFO:root:Upper-case sublemma (Pargo at page VII.49, line 634)?
INFO:root:Upper-case sublemma (Parius at page VII.49, line 678)?
INFO:root:Upper-case sublemma (Patricius at page VII.55, line 1016)?
INFO:root:Lower-case lemma (duculum) at page VII.62, line 1360?
INFO:root:Upper-case sublemma (Pegasus at page VII.62, line 1368)?
INFO:root:Upper-case sublemma (Pelasge at page VII.62, line 1396)?
INFO:root:Upper-case sublemma (Peligni at page VII.63, line 1418)?
INFO:root:Upper-case sublemma (Pellurum at page VII.64, line 1476)?
INFO:root:Upper-case sublemma (Pelori at page VII.64, line 1476)?
INFO:root:Upper-case sublemma (Penthesilia at page VII.66, line 1612)?
INFO:root:Upper-case sublemma (Pergama at page VII.71, line 1928)?
INFO:root:Upper-case sublemma (Periclitatus at page VII.72, line 1954)?
INFO:root:Upper-case sublemma (Perparum at page VII.75, line 2170)?
INFO:root:Upper-case sublemma (Perpaucus at page VII.75, line 2170)?
INFO:root:Upper-case sublemma (Perpotatio at page VII.76, line 2242)?
INFO:root:Upper-case sublemma (Perpotiri at page VII.76, line 2242)?
INFO:root:Lower-case lemma (perscribit) at page VII.77, line 2278?
INFO:root:Upper-case sublemma (Persidis, Persidos at page VII.77, line 2322)?
INFO:root:Upper-case sublemma (Persidis at page VII.77, line 2322)?
INFO:root:Upper-case sublemma (Peruli at page VII.79, line 2460)?
INFO:root:Upper-case sublemma (Petilius at page VII.81, line 2600)?
INFO:root:Upper-case sublemma (Marcidonis at page VII.82, line 2632)?
INFO:root:Lower-case lemma (peucidanis) at page VII.83, line 2660?
INFO:root:Upper-case sublemma (Fetontis at page VII.83, line 2676)?
INFO:root:Upper-case sublemma (Philippei at page VII.84, line 2754)?
INFO:root:Upper-case sublemma (Philippeos at page VII.84, line 2754)?
INFO:root:Upper-case sublemma (Flegetonta at page VII.85, line 2788)?
INFO:root:Upper-case sublemma (Phlegetontas at page VII.85, line 2788)?
INFO:root:Upper-case sublemma (Phoebe at page VII.85, line 2804)?
INFO:root:Upper-case sublemma (Phoeba at page VII.85, line 2804)?
INFO:root:Upper-case sublemma (Phoebea (?) at page VII.85, line 2804)?
INFO:root:Upper-case sublemma (Fibea at page VII.85, line 2804)?
INFO:root:Upper-case sublemma (Phoebe at page VII.85, line 2804)?
INFO:root:Upper-case sublemma (Phoebe<n> at page VII.85, line 2804)?
INFO:root:Upper-case sublemma (Febea at page VII.85, line 2806)?
INFO:root:Upper-case sublemma (Panibus at page VII.85, line 2810)?
INFO:root:Upper-case sublemma (Porcus at page VII.85, line 2828)?
INFO:root:Upper-case sublemma (Fruges at page VII.86, line 2848)?
INFO:root:Upper-case sublemma (Phrygia at page VII.86, line 2860)?
INFO:root:Upper-case sublemma (Phrygias at page VII.86, line 2860)?
INFO:root:Upper-case sublemma (Pierides at page VII.87, line 2940)?
INFO:root:Upper-case sublemma (Piscium gluten at page VII.92, line 3210)?
INFO:root:Upper-case sublemma (Pissa at page VII.92, line 3224)?
INFO:root:Upper-case sublemma (Placitare at page VII.94, line 3312)?
INFO:root:Upper-case sublemma (Pliada at page VII.98, line 3486)?
INFO:root:Upper-case sublemma (Pliades at page VII.98, line 3486)?
INFO:root:Upper-case sublemma (Pluenta at page VII.98, line 3550)?
INFO:root:Upper-case sublemma (Poenus at page VII.100, line 3662)?
INFO:root:Upper-case sublemma (Poemus at page VII.100, line 3662)?
INFO:root:Upper-case sublemma (Puni at page VII.100, line 3662)?
INFO:root:Upper-case sublemma (Pollic<itor>es at page VII.102, line 3742)?
INFO:root:Upper-case sublemma (Pollicitus at page VII.102, line 3742)?
INFO:root:Upper-case sublemma (Polytrichon at page VII.103, line 3830)?
INFO:root:Upper-case sublemma (Pomoni\[s\] at page VII.104, line 3852)?
INFO:root:Upper-case sublemma (Pomona at page VII.104, line 3852)?
INFO:root:Upper-case sublemma (Pomones at page VII.104, line 3852)?
INFO:root:Upper-case sublemma (Euxinum at page VII.105, line 3912)?
INFO:root:Upper-case sublemma (Pola mater at page VII.107, line 4008)?
INFO:root:Upper-case sublemma (Porgere at page VII.107, line 4038)?
INFO:root:Upper-case sublemma (Portarium at page VII.108, line 4088)?
INFO:root:Upper-case sublemma (Victoriae at page VII.109, line 4116)?
INFO:root:Lower-case lemma (pos tergum) at page VII.111, line 4210?
INFO:root:Lower-case lemma (praedones) at page VII.117, line 4554?
INFO:root:Lower-case lemma (prelum) at page VII.128, line 5254?
INFO:root:Upper-case sublemma (Facile tibi est at page VII.134, line 5612)?
INFO:root:Upper-case sublemma (Proconsulatus at page VII.135, line 5630)?
INFO:root:Upper-case sublemma (Procrastinatio at page VII.135, line 5630)?
INFO:root:Upper-case sublemma (Pro deum at page VII.136, line 5700)?
INFO:root:Upper-case sublemma (Prodiens at page VII.136, line 5700)?
INFO:root:Upper-case sublemma (Proeliantur at page VII.137, line 5738)?
INFO:root:Upper-case sublemma (Promptuarium at page VII.142, line 6022)?
INFO:root:Lower-case lemma (tuaria) at page VII.143, line 6024?
INFO:root:Upper-case sublemma (Propages at page VII.144, line 6104)?
INFO:root:Upper-case sublemma (Psyllii at page VII.154, line 6718)?
INFO:root:Upper-case sublemma (Pthitia at page VII.154, line 6730)?
INFO:root:Upper-case sublemma (Pumiceus at page VII.160, line 7034)?
INFO:root:Upper-case sublemma (Pannica terra at page VII.161, line 7058)?
INFO:root:Upper-case sublemma (Pithagoreus at page VII.165, line 7272)?
INFO:root:Upper-case sublemma (Pitigorici at page VII.165, line 7272)?
INFO:root:Upper-case sublemma (Phithion at page VII.165, line 7276)?
INFO:root:Upper-case sublemma (Pythium at page VII.165, line 7276)?
INFO:root:Upper-case sublemma (Putium at page VII.165, line 7276)?
INFO:root:Upper-case sublemma (Pythonis at page VII.165, line 7280)?
INFO:root:Adding XML attributes to C:\Users\adamg\cglo-git\XML/CGLO.18.Q.xml
INFO:root:Upper-case sublemma (Quadratim at page VII.165, line 24)?
INFO:root:Upper-case sublemma (Quinquatrus at page VII.173, line 448)?
INFO:root:Upper-case sublemma (Quinquatries at page VII.173, line 448)?
INFO:root:Upper-case sublemma (Quintilius at page VII.174, line 480)?
INFO:root:Upper-case sublemma (Quirites at page VII.175, line 500)?
INFO:root:Upper-case sublemma (Quiritium at page VII.175, line 500)?
INFO:root:Upper-case sublemma (Quiritum at page VII.175, line 500)?
INFO:root:Upper-case sublemma (Quiritos at page VII.175, line 500)?
INFO:root:Lower-case lemma (quisquilias) at page VII.177, line 522?
INFO:root:Adding XML attributes to C:\Users\adamg\cglo-git\XML/CGLO.19.R.xml
INFO:root:Lower-case lemma (suscipimus) at page VII.187, line 434?
INFO:root:Lower-case lemma (legit) at page VII.195, line 944?
INFO:root:Lower-case lemma (sitem suam reparauit) at page VII.199, line 1186?
INFO:root:Upper-case sublemma (Robrius at page VII.211, line 1960)?
INFO:root:Upper-case sublemma (Romae at page VII.211, line 2002)?
INFO:root:Upper-case sublemma (Romam at page VII.211, line 2002)?
INFO:root:Upper-case sublemma (Romani at page VII.212, line 2010)?
INFO:root:Upper-case sublemma (Romanos at page VII.212, line 2010)?
INFO:root:Upper-case sublemma (Romulea at page VII.212, line 2016)?
INFO:root:Lower-case lemma (rugem) at page VII.216, line 2200?
INFO:root:Upper-case sublemma (Ruminantes at page VII.217, line 2260)?
INFO:root:Upper-case sublemma (Ruminatio at page VII.217, line 2260)?
INFO:root:Upper-case sublemma (Rusticor at page VII.219, line 2374)?
INFO:root:Upper-case sublemma (Ruticilia (?) at page VII.219, line 2392)?
INFO:root:Adding XML attributes to C:\Users\adamg\cglo-git\XML/CGLO.20.S.xml
INFO:root:Upper-case sublemma (Salaciae at page VII.224, line 264)?
INFO:root:Upper-case sublemma (Collini at page VII.225, line 302)?
INFO:root:Upper-case sublemma (Salii at page VII.225, line 328)?
INFO:root:Upper-case sublemma (Saliorum at page VII.225, line 328)?
INFO:root:Upper-case sublemma (Salarium at page VII.225, line 328)?
INFO:root:Upper-case sublemma (Salios at page VII.225, line 328)?
INFO:root:Upper-case sublemma (Sami[c]a at page VII.228, line 488)?
INFO:root:Upper-case sublemma (Samo at page VII.228, line 500)?
INFO:root:Upper-case sublemma (Sarabaita at page VII.231, line 652)?
INFO:root:Upper-case sublemma (Sarabaides at page VII.231, line 652)?
INFO:root:Upper-case sublemma (Sarmatae at page VII.232, line 726)?
INFO:root:Upper-case sublemma (Sarmatas at page VII.232, line 726)?
INFO:root:Upper-case sublemma (Sauromatae at page VII.232, line 726)?
INFO:root:Upper-case sublemma (Saturnalibus at page VII.235, line 872)?
INFO:root:Upper-case sublemma (Saturnus pater at page VII.235, line 878)?
INFO:root:Upper-case sublemma (Saturnus at page VII.235, line 878)?
INFO:root:Upper-case sublemma (Saturni at page VII.235, line 878)?
INFO:root:Upper-case sublemma (Satirum at page VII.235, line 896)?
INFO:root:Upper-case sublemma (Satyri at page VII.235, line 896)?
INFO:root:Upper-case sublemma (Satiri at page VII.235, line 896)?
INFO:root:Upper-case sublemma (Saurom<at>ae at page VII.235, line 918)?
INFO:root:Lower-case lemma (mata) at page VII.241, line 1190?
INFO:root:Upper-case sublemma (Scyllam at page VII.247, line 1594)?
INFO:root:Upper-case sublemma (Scyllae at page VII.247, line 1594)?
INFO:root:Upper-case sublemma (Sculles at page VII.247, line 1594)?
INFO:root:Upper-case sublemma (Scitae at page VII.247, line 1606)?
INFO:root:Upper-case sublemma (Scyt<har>um at page VII.248, line 1606)?
INFO:root:Upper-case sublemma (Scytha at page VII.248, line 1606)?
INFO:root:Lower-case lemma (sequeris) at page VII.259, line 2306?
INFO:root:Upper-case sublemma (Sarapis at page VII.259, line 2316)?
INFO:root:Upper-case sublemma (Serapis at page VII.259, line 2316)?
INFO:root:Upper-case sublemma (Sapapis at page VII.259, line 2316)?
INFO:root:Upper-case sublemma (Serapis at page VII.259, line 2316)?
INFO:root:Upper-case sublemma (Seripho at page VII.259, line 2360)?
INFO:root:Upper-case sublemma (Se­cula at page VII.264, line 2636)?
INFO:root:Upper-case sublemma (Sidona at page VII.265, line 2680)?
INFO:root:Upper-case sublemma (Sicambra at page VII.265, line 2698)?
INFO:root:Upper-case sublemma (Amisus at page VII.272, line 3198)?
INFO:root:Upper-case sublemma (Sirenae at page VII.273, line 3246)?
INFO:root:Upper-case sublemma (Serenae at page VII.273, line 3246)?
INFO:root:Upper-case sublemma (Sirenae at page VII.273, line 3246)?
INFO:root:Upper-case sublemma (Sirenis at page VII.273, line 3246)?
INFO:root:Upper-case sublemma (Serenes at page VII.273, line 3246)?
INFO:root:Upper-case sublemma (Sirenas at page VII.273, line 3246)?
INFO:root:Upper-case sublemma (Soliar at page VII.277, line 3428)?
INFO:root:Upper-case sublemma (Spercheus at page VII.285, line 3882)?
INFO:root:Upper-case sublemma (Statura at page VII.292, line 4276)?
INFO:root:Upper-case sublemma (Stercena at page VII.292, line 4324)?
INFO:root:Lower-case lemma (stercidum) at page VII.293, line 4328?
INFO:root:Upper-case sublemma (Stragio at page VII.302, line 4812)?
INFO:root:Upper-case sublemma (Stygia at page VII.302, line 4812)?
INFO:root:Upper-case sublemma (Sudi<s> at page VII.312, line 5560)?
INFO:root:Upper-case sublemma (Super aethera at page VII.317, line 5876)?
INFO:root:Upper-case sublemma (Superintendo at page VII.318, line 5950)?
INFO:root:Adding XML attributes to C:\Users\adamg\cglo-git\XML/CGLO.21.T.xml
INFO:root:Upper-case sublemma (Taenaron at page VII.330, line 110)?
INFO:root:Upper-case sublemma (Taetritudo at page VII.330, line 122)?
INFO:root:Upper-case sublemma (Tanaim at page VII.332, line 200)?
INFO:root:Upper-case sublemma (Tartarum at page VII.334, line 296)?
INFO:root:Upper-case sublemma (Tauronia at page VII.334, line 316)?
INFO:root:Upper-case sublemma (Tauromentinium at page VII.334, line 316)?
INFO:root:Upper-case sublemma (Thersicore[m] at page VII.342, line 740)?
INFO:root:Upper-case sublemma (Tapsum at page VII.347, line 1002)?
INFO:root:Upper-case sublemma (Thebith at page VII.347, line 1012)?
INFO:root:Upper-case sublemma (Theophilum at page VII.347, line 1054)?
INFO:root:Upper-case sublemma (Termopilas at page VII.348, line 1086)?
INFO:root:Upper-case sublemma (Tracitas at page VII.349, line 1120)?
INFO:root:Upper-case sublemma (Tracas at page VII.349, line 1122)?
INFO:root:Upper-case sublemma (Thyesteas <cenas> at page VII.349, line 1130)?
INFO:root:Upper-case sublemma (Tiberi<s> at page VII.349, line 1166)?
INFO:root:Upper-case sublemma (Tiberis at page VII.349, line 1166)?
INFO:root:Upper-case sublemma (Tybris Tiberis at page VII.349, line 1166)?
INFO:root:Upper-case sublemma (Tyberius at page VII.349, line 1168)?
INFO:root:Upper-case sublemma (Tisifon<e> at page VII.351, line 1318)?
INFO:root:Upper-case sublemma (Titanes at page VII.352, line 1322)?
INFO:root:Lower-case lemma (pis) at page VII.359, line 1694?
INFO:root:Lower-case lemma (dragagantus) at page VII.360, line 1750?
INFO:root:Upper-case sublemma (Trallis at page VII.361, line 1792)?
INFO:root:Upper-case sublemma (Transmigratio at page VII.363, line 1924)?
INFO:root:Upper-case sublemma (Triginta at page VII.366, line 2180)?
INFO:root:Upper-case sublemma (Trepallus at page VII.367, line 2240)?
INFO:root:Upper-case sublemma (Triuiae at page VII.369, line 2334)?
INFO:root:Upper-case sublemma (Troiae urbs at page VII.369, line 2362)?
INFO:root:Upper-case sublemma (Tumultuator at page VII.373, line 2608)?
INFO:root:Upper-case sublemma (Turpifactor at page VII.376, line 2754)?
INFO:root:Upper-case sublemma (Tifon at page VII.377, line 2844)?
INFO:root:Upper-case sublemma (Tipo at page VII.377, line 2844)?
INFO:root:Upper-case sublemma (Tyfum at page VII.378, line 2844)?
INFO:root:Upper-case sublemma (Tyfonem at page VII.378, line 2844)?
INFO:root:Upper-case sublemma (Typho at page VII.378, line 2844)?
INFO:root:Upper-case sublemma (Tyrea at page VII.378, line 2866)?
INFO:root:Adding XML attributes to C:\Users\adamg\cglo-git\XML/CGLO.22.U.xml
INFO:root:Upper-case sublemma (Vniuersim at page VII.383, line 294)?
INFO:root:Adding XML attributes to C:\Users\adamg\cglo-git\XML/CGLO.23.V.xml
INFO:root:Lower-case lemma (uendidit) at page VII.399, line 552?
INFO:root:Upper-case sublemma (Veneris at page VII.401, line 688)?
INFO:root:Upper-case sublemma (Vesta[s] at page VII.409, line 1070)?
INFO:root:Upper-case sublemma (Vestias at page VII.409, line 1070)?
INFO:root:Upper-case sublemma (Veste at page VII.409, line 1070)?
INFO:root:Upper-case sublemma (Vestae at page VII.409, line 1072)?
INFO:root:Upper-case sublemma (Vestialia at page VII.409, line 1072)?
INFO:root:Upper-case sublemma (Vestitor at page VII.410, line 1118)?
INFO:root:Upper-case sublemma (Bacchi ueteris at page VII.411, line 1148)?
INFO:root:Upper-case sublemma (Viscidum at page VII.422, line 1766)?
INFO:root:Upper-case sublemma (Viscidus at page VII.422, line 1766)?
INFO:root:Lower-case lemma (gine) at page VII.425, line 1908?
INFO:root:Upper-case sublemma (Yer at page VII.431, line 2256)?
INFO:root:Adding XML attributes to C:\Users\adamg\cglo-git\XML/CGLO.24.XYZ.xml
INFO:root:Adding XML attributes to C:\Users\adamg\cglo-git\XML/CGLO.25.corr-III.xml
INFO:root:Error: no <form> tag in paragraph at line 2
INFO:root:Error: no <form> tag in paragraph at line 4
INFO:root:Error: no <form> tag in paragraph at line 306
INFO:root:Error: no <form> tag in paragraph at line 360
INFO:root:Adding XML attributes to C:\Users\adamg\cglo-git\XML/CGLO.26.Graeco-Latinus.xml
INFO:root:Error: no <form> tag in paragraph at line 1056
INFO:root:Error: no <form> tag in paragraph at line 2394
INFO:root:Error: no <form> tag in paragraph at line 3648
INFO:root:Error: no <form> tag in paragraph at line 3650
INFO:root:Error: no <form> tag in paragraph at line 3734
INFO:root:Error: no <form> tag in paragraph at line 3964
INFO:root:Error: no <form> tag in paragraph at line 4502
INFO:root:Upper-case sublemma (Ἄρτεμις at page VII.470, line 4768)?
INFO:root:Upper-case sublemma (Ἀρτεμίσιος at page VII.470, line 4768)?
INFO:root:Error: no <form> tag in paragraph at line 5908
INFO:root:Error: no <form> tag in paragraph at line 6880
INFO:root:Error: no <form> tag in paragraph at line 7600
INFO:root:Error: no <form> tag in paragraph at line 7792
INFO:root:Error: no <form> tag in paragraph at line 7886
INFO:root:Error: no <form> tag in paragraph at line 7926
INFO:root:Error: no <form> tag in paragraph at line 8050
INFO:root:Error: no <form> tag in paragraph at line 8056
INFO:root:Upper-case sublemma (Δημητςα) at page VII.492, line 8078)?
INFO:root:Error: no <form> tag in paragraph at line 8130
INFO:root:Error: no <form> tag in paragraph at line 8868
INFO:root:Error: no <form> tag in paragraph at line 8916
INFO:root:Error: no <form> tag in paragraph at line 9202
INFO:root:Error: no <form> tag in paragraph at line 9240
INFO:root:Error: no <form> tag in paragraph at line 9242
INFO:root:Error: no <form> tag in paragraph at line 9302
INFO:root:Error: no <form> tag in paragraph at line 9432
INFO:root:Error: no <form> tag in paragraph at line 9602
INFO:root:Error: no <form> tag in paragraph at line 9614
INFO:root:Error: no <form> tag in paragraph at line 9642
INFO:root:Error: no <form> tag in paragraph at line 9648
INFO:root:Error: no <form> tag in paragraph at line 9720
INFO:root:Error: no <form> tag in paragraph at line 9746
INFO:root:Error: no <form> tag in paragraph at line 9778
INFO:root:Error: no <form> tag in paragraph at line 9796
INFO:root:Error: no <form> tag in paragraph at line 9798
INFO:root:Error: no <form> tag in paragraph at line 9842
INFO:root:Upper-case sublemma (Είλή&υία at page VII.506, line 9908)?
INFO:root:Error: no <form> tag in paragraph at line 9970
INFO:root:Error: no <form> tag in paragraph at line 10052
INFO:root:Error: no <form> tag in paragraph at line 10092
INFO:root:Error: no <form> tag in paragraph at line 10156
INFO:root:Error: no <form> tag in paragraph at line 10182
INFO:root:Error: no <form> tag in paragraph at line 10184
INFO:root:Error: no <form> tag in paragraph at line 10202
INFO:root:Error: no <form> tag in paragraph at line 10246
INFO:root:Error: no <form> tag in paragraph at line 10252
INFO:root:Error: no <form> tag in paragraph at line 10450
INFO:root:Error: no <form> tag in paragraph at line 10492
INFO:root:Error: no <form> tag in paragraph at line 10628
INFO:root:Error: no <form> tag in paragraph at line 10714
INFO:root:Error: no <form> tag in paragraph at line 10762
INFO:root:Error: no <form> tag in paragraph at line 10960
INFO:root:Error: no <form> tag in paragraph at line 11004
INFO:root:Error: no <form> tag in paragraph at line 11060
INFO:root:Error: no <form> tag in paragraph at line 11078
INFO:root:Error: no <form> tag in paragraph at line 11422
INFO:root:Error: no <form> tag in paragraph at line 11480
INFO:root:Error: no <form> tag in paragraph at line 11552
INFO:root:Error: no <form> tag in paragraph at line 11566
INFO:root:Error: no <form> tag in paragraph at line 11950
INFO:root:Error: no <form> tag in paragraph at line 11964
INFO:root:Error: no <form> tag in paragraph at line 12010
INFO:root:Error: no <form> tag in paragraph at line 12074
INFO:root:Error: no <form> tag in paragraph at line 12112
INFO:root:Error: no <form> tag in paragraph at line 12120
INFO:root:Error: no <form> tag in paragraph at line 12138
INFO:root:Error: no <form> tag in paragraph at line 12354
INFO:root:Error: no <form> tag in paragraph at line 12380
INFO:root:Error: no <form> tag in paragraph at line 12530
INFO:root:Error: no <form> tag in paragraph at line 12552
INFO:root:Error: no <form> tag in paragraph at line 12590
INFO:root:Error: no <form> tag in paragraph at line 13038
INFO:root:Error: no <form> tag in paragraph at line 13050
INFO:root:Error: no <form> tag in paragraph at line 13066
INFO:root:Error: no <form> tag in paragraph at line 13192
INFO:root:Error: no <form> tag in paragraph at line 13198
INFO:root:Error: no <form> tag in paragraph at line 13234
INFO:root:Error: no <form> tag in paragraph at line 13248
INFO:root:Error: no <form> tag in paragraph at line 13282
INFO:root:Error: no <form> tag in paragraph at line 13616
INFO:root:Error: no <form> tag in paragraph at line 13748
INFO:root:Error: no <form> tag in paragraph at line 13978
INFO:root:Error: no <form> tag in paragraph at line 14046
INFO:root:Error: no <form> tag in paragraph at line 14074
INFO:root:Error: no <form> tag in paragraph at line 14300
INFO:root:Error: no <form> tag in paragraph at line 14302
INFO:root:Error: no <form> tag in paragraph at line 14320
INFO:root:Error: no <form> tag in paragraph at line 14338
INFO:root:Error: no <form> tag in paragraph at line 14380
INFO:root:Upper-case sublemma (Ἡλύσιον at page VII.536, line 14402)?
INFO:root:Error: no <form> tag in paragraph at line 14404
INFO:root:Error: no <form> tag in paragraph at line 14562
INFO:root:Error: no <form> tag in paragraph at line 14574
INFO:root:Error: no <form> tag in paragraph at line 14594
INFO:root:Error: no <form> tag in paragraph at line 14748
INFO:root:Error: no <form> tag in paragraph at line 14788
INFO:root:Error: no <form> tag in paragraph at line 14924
INFO:root:Error: no <form> tag in paragraph at line 15018
INFO:root:Error: no <form> tag in paragraph at line 15032
INFO:root:Error: no <form> tag in paragraph at line 15036
INFO:root:Error: no <form> tag in paragraph at line 15102
INFO:root:Error: no <form> tag in paragraph at line 15142
INFO:root:Error: no <form> tag in paragraph at line 15208
INFO:root:Error: no <form> tag in paragraph at line 15246
INFO:root:Error: no <form> tag in paragraph at line 15266
INFO:root:Error: no <form> tag in paragraph at line 15272
INFO:root:Error: no <form> tag in paragraph at line 15342
INFO:root:Error: no <form> tag in paragraph at line 15438
INFO:root:Error: no <form> tag in paragraph at line 15542
INFO:root:Error: no <form> tag in paragraph at line 15790
INFO:root:Upper-case sublemma (Καπιτ. at page VII.550, line 16342)?
INFO:root:Error: no <form> tag in paragraph at line 17258
INFO:root:Error: no <form> tag in paragraph at line 19204
INFO:root:Error: no <form> tag in paragraph at line 19370
INFO:root:Error: no <form> tag in paragraph at line 19434
INFO:root:Error: no <form> tag in paragraph at line 19478
INFO:root:Upper-case sublemma (Λήμνιος at page VII.571, line 19922)?
INFO:root:Error: no <form> tag in paragraph at line 20454
INFO:root:Error: no <form> tag in paragraph at line 21478
INFO:root:Error: no <form> tag in paragraph at line 22234
INFO:root:Error: no <form> tag in paragraph at line 22932
INFO:root:Error: no <form> tag in paragraph at line 24158
INFO:root:Error: no <form> tag in paragraph at line 24304
INFO:root:Error: no <form> tag in paragraph at line 26152
INFO:root:Error: no <form> tag in paragraph at line 26350
INFO:root:Error: no <form> tag in paragraph at line 26616
INFO:root:Error: no <form> tag in paragraph at line 27094
INFO:root:Error: no <form> tag in paragraph at line 27096
INFO:root:Upper-case sublemma (Πρίηπος at page VII.622, line 27622)?
INFO:root:Error: no <form> tag in paragraph at line 28802
INFO:root:Error: no <form> tag in paragraph at line 29024
INFO:root:Error: no <form> tag in paragraph at line 29080
INFO:root:Error: no <form> tag in paragraph at line 29136
INFO:root:Error: no <form> tag in paragraph at line 29164
INFO:root:Error: no <form> tag in paragraph at line 29220
INFO:root:Error: no <form> tag in paragraph at line 29230
INFO:root:Error: no <form> tag in paragraph at line 29276
INFO:root:Error: no <form> tag in paragraph at line 29550
INFO:root:Upper-case sublemma (Σέραπις at page VII.635, line 29656)?
INFO:root:Upper-case sublemma (Σειρῆναι at page VII.635, line 29744)?
INFO:root:Error: no <form> tag in paragraph at line 29792
INFO:root:Error: no <form> tag in paragraph at line 29926
INFO:root:Error: no <form> tag in paragraph at line 30448
INFO:root:Error: no <form> tag in paragraph at line 32754
INFO:root:Error: no <form> tag in paragraph at line 32998
INFO:root:Error: no <form> tag in paragraph at line 33058
INFO:root:Error: no <form> tag in paragraph at line 34116
INFO:root:Error: no <form> tag in paragraph at line 35212
INFO:root:Error: no <form> tag in paragraph at line 36410
INFO:root:Error: no <form> tag in paragraph at line 37276
INFO:root:Adding XML attributes to C:\Users\adamg\cglo-git\XML/CGLO.27.Anglosaxonicus.xml
INFO:root:Error: no <form> tag in paragraph at line 184
INFO:root:Error: no <form> tag in paragraph at line 272
INFO:root:Error: no <form> tag in paragraph at line 978
INFO:root:Upper-case sublemma (EA at page VII.697, line 1142)?
INFO:root:Error: no <form> tag in paragraph at line 1164
INFO:root:Error: no <form> tag in paragraph at line 1242
INFO:root:Error: no <form> tag in paragraph at line 1486
INFO:root:Error: no <form> tag in paragraph at line 1490
INFO:root:Error: no <form> tag in paragraph at line 1886
INFO:root:Error: no <form> tag in paragraph at line 3036
INFO:root:Upper-case sublemma (E at page VII.711, line 3394)?
INFO:root:Adding XML attributes to C:\Users\adamg\cglo-git\XML/CGLO.28.Palaeotheodiscus.xml
INFO:root:Adding XML attributes to C:\Users\adamg\cglo-git\XML/CGLO.29.corr-IV.xml
INFO:root:Error: no <form> tag in paragraph at line 38
